Grammaire

    0 $accept: S $end

    1 S: bal_ouv mc_exl mc_docprogram idf bal_fer bal_ouv mc_sub mc_variable bal_fer DECLARATION DECLARATION_CONST bal_ouv mc_body bal_fer BODY bal_slch_ouv mc_docprogram bal_fer
    2  | bal_ouv mc_exl mc_docprogram idf bal_fer DECLARATION_CONST bal_ouv mc_sub mc_variable bal_fer DECLARATION bal_ouv mc_body bal_fer BODY bal_slch_ouv mc_docprogram bal_fer
    3  | bal_ouv mc_exl mc_docprogram idf bal_fer bal_ouv mc_sub mc_variable bal_fer DECLARATION bal_ouv mc_body bal_fer BODY bal_slch_ouv mc_docprogram bal_fer
    4  | bal_ouv mc_exl mc_docprogram idf bal_fer DECLARATION_CONST bal_ouv mc_body bal_fer BODY bal_slch_ouv mc_docprogram bal_fer

    5 DECLARATION: bal_ouv DECLARATION_SIMPLE DECLARATION
    6            | bal_ouv mc_array mc_as TYPE bal_fer DECLARATION_TAB DECLARATION
    7            | bal_slch_ouv mc_sub mc_variable bal_fer

    8 $@1: /* vide */

    9 DECLARATION_CONST: bal_ouv mc_sub mc_constante bal_fer $@1 LISTE_DEC_CONST

   10 LISTE_DEC_CONST: bal_ouv DECLARATION_SIMPLE LISTE_DEC_CONST
   11                | bal_ouv DEC_CONST_EGAL LISTE_DEC_CONST
   12                | bal_slch_ouv mc_sub mc_constante bal_fer

   13 DEC_CONST_EGAL: idf egal SWITCH_CST_TYPES bal_slch_fer pvg

   14 SWITCH_CST_TYPES: SWITCH_INT
   15                 | cst_float
   16                 | cst_bool
   17                 | cst_char
   18                 | simple_string

   19 SWITCH_INT: par_ouv cst_int_pos par_fer
   20           | par_ouv cst_int_neg par_fer
   21           | cst_unsigned_int

   22 DECLARATION_SIMPLE: idf ou DECLARATION_SIMPLE
   23                   | idf mc_as TYPE bal_slch_fer pvg

   24 TYPE: mc_int
   25     | mc_float
   26     | mc_char
   27     | mc_string
   28     | mc_bool

   29 $@2: /* vide */

   30 DECLARATION_TAB: bal_ouv idf deuxpt cst_unsigned_int bal_slch_fer $@2 DECLARATION_TAB
   31                | bal_slch_ouv mc_array bal_fer

   32 BODY: AFFECTATION BODY
   33     | INPUT BODY

   34 $@3: /* vide */

   35 BODY: bal_ouv mc_output deuxpt OUTPUT $@3 BODY
   36     | INST_IF BODY
   37     | BOUCLE_DO BODY
   38     | BOUCLE_FOR BODY
   39     | bal_slch_ouv mc_body bal_fer

   40 AFFECTATION: bal_ouv mc_aff deuxpt idf vrg X bal_slch_fer
   41            | bal_ouv mc_aff deuxpt idf cr_ouv cst_unsigned_int cr_fer vrg X bal_slch_fer

   42 X: EXPRESSION_ARITH
   43  | EXPRESSION_COMPARAISON
   44  | EXPRESSION_LOGIQUE
   45  | simple_string
   46  | cst_char
   47  | cst_bool

   48 EXPRESSION_ARITH: par_ouv EXPRESSION_ARITH par_fer
   49                 | EXPRESSION_ARITH plus EXPRESSION_ARITH
   50                 | EXPRESSION_ARITH moins EXPRESSION_ARITH
   51                 | EXPRESSION_ARITH divis EXPRESSION_ARITH
   52                 | EXPRESSION_ARITH mult EXPRESSION_ARITH
   53                 | TERM

   54 TERM: par_ouv cst_int_neg par_fer
   55     | cst_unsigned_int
   56     | cst_float
   57     | idf
   58     | idf cr_ouv cst_unsigned_int cr_fer

   59 EXPRESSION_LOGIQUE: OpLog par_ouv EXPRESSIONS par_fer
   60                   | not par_ouv TYPE_EXP par_fer

   61 OpLog: and
   62      | or

   63 EXPRESSIONS: TYPE_EXP vrg EXPRESSIONS
   64            | TYPE_EXP vrg TYPE_EXP

   65 TYPE_EXP: EXPRESSION_LOGIQUE
   66         | EXPRESSION_COMPARAISON
   67         | cst_bool
   68         | idf
   69         | idf cr_ouv cst_unsigned_int cr_fer

   70 EXPRESSION_COMPARAISON: MC_COMPARAISON par_ouv EXPRESSION_ARITH vrg EXPRESSION_ARITH par_fer

   71 MC_COMPARAISON: sup
   72               | supeg
   73               | infeg
   74               | inf
   75               | ega
   76               | dif

   77 INPUT: bal_ouv mc_input deuxpt idf chaine_gauche SIGNE_FORMATAGE chaine_droite

   78 OUTPUT: chaine_gauche SIGNE_FORMATAGE chaine_outdr ID plus OUTPUT
   79       | simple_string plus OUTPUT
   80       | chaine_gauche SIGNE_FORMATAGE chaine_outdr ID bal_slch_fer
   81       | simple_string bal_slch_fer

   82 ID: idf
   83   | idf cr_ouv cst_unsigned_int cr_fer

   84 SIGNE_FORMATAGE: dollar
   85                | mod
   86                | hash
   87                | arob
   88                | etcom

   89 INSTRUCTION: AFFECTATION INSTRUCTION
   90            | INPUT INSTRUCTION

   91 $@4: /* vide */

   92 INSTRUCTION: bal_ouv mc_output deuxpt OUTPUT $@4 INSTRUCTION
   93            | /* vide */

   94 IF_A: bal_ouv mc_if deuxpt CONDITION

   95 IF_B: IF_A bal_fer bal_ouv mc_then bal_fer INSTRUCTION

   96 IF_C: IF_B bal_slch_ouv mc_then bal_fer INST_ELSE
   97     | IF_B bal_slch_ouv mc_then bal_fer

   98 INST_IF: IF_C bal_slch_ouv mc_if bal_fer

   99 CONDITION: EXPRESSION_LOGIQUE
  100          | EXPRESSION_COMPARAISON

  101 INST_ELSE: bal_ouv mc_else bal_fer INSTRUCTION_ELSE

  102 INSTRUCTION_ELSE: AFFECTATION INSTRUCTION_ELSE
  103                 | INPUT INSTRUCTION_ELSE

  104 $@5: /* vide */

  105 INSTRUCTION_ELSE: bal_ouv mc_output deuxpt OUTPUT $@5 INSTRUCTION_ELSE
  106                 | INST_IF INSTRUCTION_ELSE
  107                 | bal_slch_ouv mc_else bal_fer

  108 BOUCLE_DO_A: bal_ouv mc_do bal_fer

  109 BOUCLE_DO_B: BOUCLE_DO_A INSTRUCTION_BOUCLE_DO

  110 BOUCLE_DO_C: BOUCLE_DO_B CONDITION

  111 BOUCLE_DO: BOUCLE_DO_C bal_slch_fer bal_slch_ouv mc_do bal_fer

  112 INSTRUCTION_BOUCLE_DO: AFFECTATION INSTRUCTION_BOUCLE_DO
  113                      | INPUT INSTRUCTION_BOUCLE_DO

  114 $@6: /* vide */

  115 INSTRUCTION_BOUCLE_DO: bal_ouv mc_output deuxpt OUTPUT $@6 INSTRUCTION_BOUCLE_DO
  116                      | INST_IF INSTRUCTION_BOUCLE_DO
  117                      | BOUCLE_DO INSTRUCTION_BOUCLE_DO
  118                      | BOUCLE_FOR INSTRUCTION_BOUCLE_DO
  119                      | bal_ouv mc_while deuxpt

  120 BOUCLE_FOR_A: bal_ouv mc_for idf egal SWITCH_INT

  121 BOUCLE_FOR_B: BOUCLE_FOR_A mc_until SWITCHID_INT

  122 BOUCLE_FOR: BOUCLE_FOR_B bal_fer INSTRUCTION_BOUCLE_FOR

  123 SWITCHID_INT: idf
  124             | SWITCH_INT

  125 INSTRUCTION_BOUCLE_FOR: AFFECTATION INSTRUCTION_BOUCLE_FOR
  126                       | INPUT INSTRUCTION_BOUCLE_FOR

  127 $@7: /* vide */

  128 INSTRUCTION_BOUCLE_FOR: bal_ouv mc_output deuxpt OUTPUT $@7 INSTRUCTION_BOUCLE_FOR
  129                       | INST_IF INSTRUCTION_BOUCLE_FOR
  130                       | BOUCLE_DO INSTRUCTION_BOUCLE_FOR
  131                       | BOUCLE_FOR INSTRUCTION_BOUCLE_FOR
  132                       | bal_slch_ouv mc_for bal_fer


Terminaux, suivis des règles où ils apparaissent

$end (0) 0
error (256)
mc_exl (258) 1 2 3 4
mc_docprogram (259) 1 2 3 4
mc_sub (260) 1 2 3 7 9 12
mc_variable (261) 1 2 3 7
mc_body (262) 1 2 3 4 39
bal_ouv (263) 1 2 3 4 5 6 9 10 11 30 35 40 41 77 92 94 95 101 105 108
    115 119 120 128
bal_fer (264) 1 2 3 4 6 7 9 12 31 39 95 96 97 98 101 107 108 111 122
    132
bal_slch_fer (265) 13 23 30 40 41 80 81 111
bal_slch_ouv (266) 1 2 3 4 7 12 31 39 96 97 98 107 111 132
idf (267) 1 2 3 4 13 22 23 30 40 41 57 58 68 69 77 82 83 120 123
mc_as (268) 6 23
pvg (269) 13 23
ou (270) 22
mc_array (271) 6 31
deuxpt (272) 30 35 40 41 77 92 94 105 115 119 128
mc_constante (273) 9 12
egal (274) 13 120
par_ouv (275) 19 20 48 54 59 60 70
par_fer (276) 19 20 48 54 59 60 70
cr_ouv (277) 41 58 69 83
cr_fer (278) 41 58 69 83
cst_unsigned_int (279) 21 30 41 55 58 69 83
cst_int_pos (280) 19
cst_int_neg (281) 20 54
cst_float (282) 15 56
cst_bool (283) 16 47 67
cst_char (284) 17 46
plus (285) 49 78 79
moins (286) 50
mult (287) 52
divis (288) 51
and (289) 61
or (290) 62
not (291) 60
sup (292) 71
inf (293) 74
supeg (294) 72
infeg (295) 73
ega (296) 75
dif (297) 76
mc_int (298) 24
mc_float (299) 25
mc_char (300) 26
mc_string (301) 27
mc_bool (302) 28
mc_aff (303) 40 41
vrg (304) 40 41 63 64 70
mc_input (305) 77
mc_output (306) 35 92 105 115 128
dollar (307) 84
mod (308) 85
hash (309) 86
arob (310) 87
etcom (311) 88
chaine_gauche (312) 77 78 80
chaine_droite (313) 77
chaine_outdr (314) 78 80
simple_string (315) 18 45 79 81
mc_if (316) 94 98
mc_then (317) 95 96 97
mc_else (318) 101 107
mc_do (319) 108 111
mc_while (320) 119
mc_for (321) 120 132
mc_until (322) 121


Non-terminaux, suivis des règles où ils apparaissent

$accept (68)
    à gauche: 0
S (69)
    à gauche: 1 2 3 4, à droite: 0
DECLARATION (70)
    à gauche: 5 6 7, à droite: 1 2 3 5 6
DECLARATION_CONST (71)
    à gauche: 9, à droite: 1 2 4
$@1 (72)
    à gauche: 8, à droite: 9
LISTE_DEC_CONST (73)
    à gauche: 10 11 12, à droite: 9 10 11
DEC_CONST_EGAL (74)
    à gauche: 13, à droite: 11
SWITCH_CST_TYPES (75)
    à gauche: 14 15 16 17 18, à droite: 13
SWITCH_INT (76)
    à gauche: 19 20 21, à droite: 14 120 124
DECLARATION_SIMPLE (77)
    à gauche: 22 23, à droite: 5 10 22
TYPE (78)
    à gauche: 24 25 26 27 28, à droite: 6 23
DECLARATION_TAB (79)
    à gauche: 30 31, à droite: 6 30
$@2 (80)
    à gauche: 29, à droite: 30
BODY (81)
    à gauche: 32 33 35 36 37 38 39, à droite: 1 2 3 4 32 33 35 36 37
    38
$@3 (82)
    à gauche: 34, à droite: 35
AFFECTATION (83)
    à gauche: 40 41, à droite: 32 89 102 112 125
X (84)
    à gauche: 42 43 44 45 46 47, à droite: 40 41
EXPRESSION_ARITH (85)
    à gauche: 48 49 50 51 52 53, à droite: 42 48 49 50 51 52 70
TERM (86)
    à gauche: 54 55 56 57 58, à droite: 53
EXPRESSION_LOGIQUE (87)
    à gauche: 59 60, à droite: 44 65 99
OpLog (88)
    à gauche: 61 62, à droite: 59
EXPRESSIONS (89)
    à gauche: 63 64, à droite: 59 63
TYPE_EXP (90)
    à gauche: 65 66 67 68 69, à droite: 60 63 64
EXPRESSION_COMPARAISON (91)
    à gauche: 70, à droite: 43 66 100
MC_COMPARAISON (92)
    à gauche: 71 72 73 74 75 76, à droite: 70
INPUT (93)
    à gauche: 77, à droite: 33 90 103 113 126
OUTPUT (94)
    à gauche: 78 79 80 81, à droite: 35 78 79 92 105 115 128
ID (95)
    à gauche: 82 83, à droite: 78 80
SIGNE_FORMATAGE (96)
    à gauche: 84 85 86 87 88, à droite: 77 78 80
INSTRUCTION (97)
    à gauche: 89 90 92 93, à droite: 89 90 92 95
$@4 (98)
    à gauche: 91, à droite: 92
IF_A (99)
    à gauche: 94, à droite: 95
IF_B (100)
    à gauche: 95, à droite: 96 97
IF_C (101)
    à gauche: 96 97, à droite: 98
INST_IF (102)
    à gauche: 98, à droite: 36 106 116 129
CONDITION (103)
    à gauche: 99 100, à droite: 94 110
INST_ELSE (104)
    à gauche: 101, à droite: 96
INSTRUCTION_ELSE (105)
    à gauche: 102 103 105 106 107, à droite: 101 102 103 105 106
$@5 (106)
    à gauche: 104, à droite: 105
BOUCLE_DO_A (107)
    à gauche: 108, à droite: 109
BOUCLE_DO_B (108)
    à gauche: 109, à droite: 110
BOUCLE_DO_C (109)
    à gauche: 110, à droite: 111
BOUCLE_DO (110)
    à gauche: 111, à droite: 37 117 130
INSTRUCTION_BOUCLE_DO (111)
    à gauche: 112 113 115 116 117 118 119, à droite: 109 112 113 115
    116 117 118
$@6 (112)
    à gauche: 114, à droite: 115
BOUCLE_FOR_A (113)
    à gauche: 120, à droite: 121
BOUCLE_FOR_B (114)
    à gauche: 121, à droite: 122
BOUCLE_FOR (115)
    à gauche: 122, à droite: 38 118 131
SWITCHID_INT (116)
    à gauche: 123 124, à droite: 121
INSTRUCTION_BOUCLE_FOR (117)
    à gauche: 125 126 128 129 130 131 132, à droite: 122 125 126 128
    129 130 131
$@7 (118)
    à gauche: 127, à droite: 128


état 0

    0 $accept: . S $end

    bal_ouv  décalage et aller à l'état 1

    S  aller à l'état 2


état 1

    1 S: bal_ouv . mc_exl mc_docprogram idf bal_fer bal_ouv mc_sub mc_variable bal_fer DECLARATION DECLARATION_CONST bal_ouv mc_body bal_fer BODY bal_slch_ouv mc_docprogram bal_fer
    2  | bal_ouv . mc_exl mc_docprogram idf bal_fer DECLARATION_CONST bal_ouv mc_sub mc_variable bal_fer DECLARATION bal_ouv mc_body bal_fer BODY bal_slch_ouv mc_docprogram bal_fer
    3  | bal_ouv . mc_exl mc_docprogram idf bal_fer bal_ouv mc_sub mc_variable bal_fer DECLARATION bal_ouv mc_body bal_fer BODY bal_slch_ouv mc_docprogram bal_fer
    4  | bal_ouv . mc_exl mc_docprogram idf bal_fer DECLARATION_CONST bal_ouv mc_body bal_fer BODY bal_slch_ouv mc_docprogram bal_fer

    mc_exl  décalage et aller à l'état 3


état 2

    0 $accept: S . $end

    $end  décalage et aller à l'état 4


état 3

    1 S: bal_ouv mc_exl . mc_docprogram idf bal_fer bal_ouv mc_sub mc_variable bal_fer DECLARATION DECLARATION_CONST bal_ouv mc_body bal_fer BODY bal_slch_ouv mc_docprogram bal_fer
    2  | bal_ouv mc_exl . mc_docprogram idf bal_fer DECLARATION_CONST bal_ouv mc_sub mc_variable bal_fer DECLARATION bal_ouv mc_body bal_fer BODY bal_slch_ouv mc_docprogram bal_fer
    3  | bal_ouv mc_exl . mc_docprogram idf bal_fer bal_ouv mc_sub mc_variable bal_fer DECLARATION bal_ouv mc_body bal_fer BODY bal_slch_ouv mc_docprogram bal_fer
    4  | bal_ouv mc_exl . mc_docprogram idf bal_fer DECLARATION_CONST bal_ouv mc_body bal_fer BODY bal_slch_ouv mc_docprogram bal_fer

    mc_docprogram  décalage et aller à l'état 5


état 4

    0 $accept: S $end .

    $défaut  accepter


état 5

    1 S: bal_ouv mc_exl mc_docprogram . idf bal_fer bal_ouv mc_sub mc_variable bal_fer DECLARATION DECLARATION_CONST bal_ouv mc_body bal_fer BODY bal_slch_ouv mc_docprogram bal_fer
    2  | bal_ouv mc_exl mc_docprogram . idf bal_fer DECLARATION_CONST bal_ouv mc_sub mc_variable bal_fer DECLARATION bal_ouv mc_body bal_fer BODY bal_slch_ouv mc_docprogram bal_fer
    3  | bal_ouv mc_exl mc_docprogram . idf bal_fer bal_ouv mc_sub mc_variable bal_fer DECLARATION bal_ouv mc_body bal_fer BODY bal_slch_ouv mc_docprogram bal_fer
    4  | bal_ouv mc_exl mc_docprogram . idf bal_fer DECLARATION_CONST bal_ouv mc_body bal_fer BODY bal_slch_ouv mc_docprogram bal_fer

    idf  décalage et aller à l'état 6


état 6

    1 S: bal_ouv mc_exl mc_docprogram idf . bal_fer bal_ouv mc_sub mc_variable bal_fer DECLARATION DECLARATION_CONST bal_ouv mc_body bal_fer BODY bal_slch_ouv mc_docprogram bal_fer
    2  | bal_ouv mc_exl mc_docprogram idf . bal_fer DECLARATION_CONST bal_ouv mc_sub mc_variable bal_fer DECLARATION bal_ouv mc_body bal_fer BODY bal_slch_ouv mc_docprogram bal_fer
    3  | bal_ouv mc_exl mc_docprogram idf . bal_fer bal_ouv mc_sub mc_variable bal_fer DECLARATION bal_ouv mc_body bal_fer BODY bal_slch_ouv mc_docprogram bal_fer
    4  | bal_ouv mc_exl mc_docprogram idf . bal_fer DECLARATION_CONST bal_ouv mc_body bal_fer BODY bal_slch_ouv mc_docprogram bal_fer

    bal_fer  décalage et aller à l'état 7


état 7

    1 S: bal_ouv mc_exl mc_docprogram idf bal_fer . bal_ouv mc_sub mc_variable bal_fer DECLARATION DECLARATION_CONST bal_ouv mc_body bal_fer BODY bal_slch_ouv mc_docprogram bal_fer
    2  | bal_ouv mc_exl mc_docprogram idf bal_fer . DECLARATION_CONST bal_ouv mc_sub mc_variable bal_fer DECLARATION bal_ouv mc_body bal_fer BODY bal_slch_ouv mc_docprogram bal_fer
    3  | bal_ouv mc_exl mc_docprogram idf bal_fer . bal_ouv mc_sub mc_variable bal_fer DECLARATION bal_ouv mc_body bal_fer BODY bal_slch_ouv mc_docprogram bal_fer
    4  | bal_ouv mc_exl mc_docprogram idf bal_fer . DECLARATION_CONST bal_ouv mc_body bal_fer BODY bal_slch_ouv mc_docprogram bal_fer

    bal_ouv  décalage et aller à l'état 8

    DECLARATION_CONST  aller à l'état 9


état 8

    1 S: bal_ouv mc_exl mc_docprogram idf bal_fer bal_ouv . mc_sub mc_variable bal_fer DECLARATION DECLARATION_CONST bal_ouv mc_body bal_fer BODY bal_slch_ouv mc_docprogram bal_fer
    3  | bal_ouv mc_exl mc_docprogram idf bal_fer bal_ouv . mc_sub mc_variable bal_fer DECLARATION bal_ouv mc_body bal_fer BODY bal_slch_ouv mc_docprogram bal_fer
    9 DECLARATION_CONST: bal_ouv . mc_sub mc_constante bal_fer $@1 LISTE_DEC_CONST

    mc_sub  décalage et aller à l'état 10


état 9

    2 S: bal_ouv mc_exl mc_docprogram idf bal_fer DECLARATION_CONST . bal_ouv mc_sub mc_variable bal_fer DECLARATION bal_ouv mc_body bal_fer BODY bal_slch_ouv mc_docprogram bal_fer
    4  | bal_ouv mc_exl mc_docprogram idf bal_fer DECLARATION_CONST . bal_ouv mc_body bal_fer BODY bal_slch_ouv mc_docprogram bal_fer

    bal_ouv  décalage et aller à l'état 11


état 10

    1 S: bal_ouv mc_exl mc_docprogram idf bal_fer bal_ouv mc_sub . mc_variable bal_fer DECLARATION DECLARATION_CONST bal_ouv mc_body bal_fer BODY bal_slch_ouv mc_docprogram bal_fer
    3  | bal_ouv mc_exl mc_docprogram idf bal_fer bal_ouv mc_sub . mc_variable bal_fer DECLARATION bal_ouv mc_body bal_fer BODY bal_slch_ouv mc_docprogram bal_fer
    9 DECLARATION_CONST: bal_ouv mc_sub . mc_constante bal_fer $@1 LISTE_DEC_CONST

    mc_variable   décalage et aller à l'état 12
    mc_constante  décalage et aller à l'état 13


état 11

    2 S: bal_ouv mc_exl mc_docprogram idf bal_fer DECLARATION_CONST bal_ouv . mc_sub mc_variable bal_fer DECLARATION bal_ouv mc_body bal_fer BODY bal_slch_ouv mc_docprogram bal_fer
    4  | bal_ouv mc_exl mc_docprogram idf bal_fer DECLARATION_CONST bal_ouv . mc_body bal_fer BODY bal_slch_ouv mc_docprogram bal_fer

    mc_sub   décalage et aller à l'état 14
    mc_body  décalage et aller à l'état 15


état 12

    1 S: bal_ouv mc_exl mc_docprogram idf bal_fer bal_ouv mc_sub mc_variable . bal_fer DECLARATION DECLARATION_CONST bal_ouv mc_body bal_fer BODY bal_slch_ouv mc_docprogram bal_fer
    3  | bal_ouv mc_exl mc_docprogram idf bal_fer bal_ouv mc_sub mc_variable . bal_fer DECLARATION bal_ouv mc_body bal_fer BODY bal_slch_ouv mc_docprogram bal_fer

    bal_fer  décalage et aller à l'état 16


état 13

    9 DECLARATION_CONST: bal_ouv mc_sub mc_constante . bal_fer $@1 LISTE_DEC_CONST

    bal_fer  décalage et aller à l'état 17


état 14

    2 S: bal_ouv mc_exl mc_docprogram idf bal_fer DECLARATION_CONST bal_ouv mc_sub . mc_variable bal_fer DECLARATION bal_ouv mc_body bal_fer BODY bal_slch_ouv mc_docprogram bal_fer

    mc_variable  décalage et aller à l'état 18


état 15

    4 S: bal_ouv mc_exl mc_docprogram idf bal_fer DECLARATION_CONST bal_ouv mc_body . bal_fer BODY bal_slch_ouv mc_docprogram bal_fer

    bal_fer  décalage et aller à l'état 19


état 16

    1 S: bal_ouv mc_exl mc_docprogram idf bal_fer bal_ouv mc_sub mc_variable bal_fer . DECLARATION DECLARATION_CONST bal_ouv mc_body bal_fer BODY bal_slch_ouv mc_docprogram bal_fer
    3  | bal_ouv mc_exl mc_docprogram idf bal_fer bal_ouv mc_sub mc_variable bal_fer . DECLARATION bal_ouv mc_body bal_fer BODY bal_slch_ouv mc_docprogram bal_fer

    bal_ouv       décalage et aller à l'état 20
    bal_slch_ouv  décalage et aller à l'état 21

    DECLARATION  aller à l'état 22


état 17

    9 DECLARATION_CONST: bal_ouv mc_sub mc_constante bal_fer . $@1 LISTE_DEC_CONST

    $défaut  réduction par utilisation de la règle 8 ($@1)

    $@1  aller à l'état 23


état 18

    2 S: bal_ouv mc_exl mc_docprogram idf bal_fer DECLARATION_CONST bal_ouv mc_sub mc_variable . bal_fer DECLARATION bal_ouv mc_body bal_fer BODY bal_slch_ouv mc_docprogram bal_fer

    bal_fer  décalage et aller à l'état 24


état 19

    4 S: bal_ouv mc_exl mc_docprogram idf bal_fer DECLARATION_CONST bal_ouv mc_body bal_fer . BODY bal_slch_ouv mc_docprogram bal_fer

    bal_ouv       décalage et aller à l'état 25
    bal_slch_ouv  décalage et aller à l'état 26

    BODY          aller à l'état 27
    AFFECTATION   aller à l'état 28
    INPUT         aller à l'état 29
    IF_A          aller à l'état 30
    IF_B          aller à l'état 31
    IF_C          aller à l'état 32
    INST_IF       aller à l'état 33
    BOUCLE_DO_A   aller à l'état 34
    BOUCLE_DO_B   aller à l'état 35
    BOUCLE_DO_C   aller à l'état 36
    BOUCLE_DO     aller à l'état 37
    BOUCLE_FOR_A  aller à l'état 38
    BOUCLE_FOR_B  aller à l'état 39
    BOUCLE_FOR    aller à l'état 40


état 20

    5 DECLARATION: bal_ouv . DECLARATION_SIMPLE DECLARATION
    6            | bal_ouv . mc_array mc_as TYPE bal_fer DECLARATION_TAB DECLARATION

    idf       décalage et aller à l'état 41
    mc_array  décalage et aller à l'état 42

    DECLARATION_SIMPLE  aller à l'état 43


état 21

    7 DECLARATION: bal_slch_ouv . mc_sub mc_variable bal_fer

    mc_sub  décalage et aller à l'état 44


état 22

    1 S: bal_ouv mc_exl mc_docprogram idf bal_fer bal_ouv mc_sub mc_variable bal_fer DECLARATION . DECLARATION_CONST bal_ouv mc_body bal_fer BODY bal_slch_ouv mc_docprogram bal_fer
    3  | bal_ouv mc_exl mc_docprogram idf bal_fer bal_ouv mc_sub mc_variable bal_fer DECLARATION . bal_ouv mc_body bal_fer BODY bal_slch_ouv mc_docprogram bal_fer

    bal_ouv  décalage et aller à l'état 45

    DECLARATION_CONST  aller à l'état 46


état 23

    9 DECLARATION_CONST: bal_ouv mc_sub mc_constante bal_fer $@1 . LISTE_DEC_CONST

    bal_ouv       décalage et aller à l'état 47
    bal_slch_ouv  décalage et aller à l'état 48

    LISTE_DEC_CONST  aller à l'état 49


état 24

    2 S: bal_ouv mc_exl mc_docprogram idf bal_fer DECLARATION_CONST bal_ouv mc_sub mc_variable bal_fer . DECLARATION bal_ouv mc_body bal_fer BODY bal_slch_ouv mc_docprogram bal_fer

    bal_ouv       décalage et aller à l'état 20
    bal_slch_ouv  décalage et aller à l'état 21

    DECLARATION  aller à l'état 50


état 25

   35 BODY: bal_ouv . mc_output deuxpt OUTPUT $@3 BODY
   40 AFFECTATION: bal_ouv . mc_aff deuxpt idf vrg X bal_slch_fer
   41            | bal_ouv . mc_aff deuxpt idf cr_ouv cst_unsigned_int cr_fer vrg X bal_slch_fer
   77 INPUT: bal_ouv . mc_input deuxpt idf chaine_gauche SIGNE_FORMATAGE chaine_droite
   94 IF_A: bal_ouv . mc_if deuxpt CONDITION
  108 BOUCLE_DO_A: bal_ouv . mc_do bal_fer
  120 BOUCLE_FOR_A: bal_ouv . mc_for idf egal SWITCH_INT

    mc_aff     décalage et aller à l'état 51
    mc_input   décalage et aller à l'état 52
    mc_output  décalage et aller à l'état 53
    mc_if      décalage et aller à l'état 54
    mc_do      décalage et aller à l'état 55
    mc_for     décalage et aller à l'état 56


état 26

   39 BODY: bal_slch_ouv . mc_body bal_fer

    mc_body  décalage et aller à l'état 57


état 27

    4 S: bal_ouv mc_exl mc_docprogram idf bal_fer DECLARATION_CONST bal_ouv mc_body bal_fer BODY . bal_slch_ouv mc_docprogram bal_fer

    bal_slch_ouv  décalage et aller à l'état 58


état 28

   32 BODY: AFFECTATION . BODY

    bal_ouv       décalage et aller à l'état 25
    bal_slch_ouv  décalage et aller à l'état 26

    BODY          aller à l'état 59
    AFFECTATION   aller à l'état 28
    INPUT         aller à l'état 29
    IF_A          aller à l'état 30
    IF_B          aller à l'état 31
    IF_C          aller à l'état 32
    INST_IF       aller à l'état 33
    BOUCLE_DO_A   aller à l'état 34
    BOUCLE_DO_B   aller à l'état 35
    BOUCLE_DO_C   aller à l'état 36
    BOUCLE_DO     aller à l'état 37
    BOUCLE_FOR_A  aller à l'état 38
    BOUCLE_FOR_B  aller à l'état 39
    BOUCLE_FOR    aller à l'état 40


état 29

   33 BODY: INPUT . BODY

    bal_ouv       décalage et aller à l'état 25
    bal_slch_ouv  décalage et aller à l'état 26

    BODY          aller à l'état 60
    AFFECTATION   aller à l'état 28
    INPUT         aller à l'état 29
    IF_A          aller à l'état 30
    IF_B          aller à l'état 31
    IF_C          aller à l'état 32
    INST_IF       aller à l'état 33
    BOUCLE_DO_A   aller à l'état 34
    BOUCLE_DO_B   aller à l'état 35
    BOUCLE_DO_C   aller à l'état 36
    BOUCLE_DO     aller à l'état 37
    BOUCLE_FOR_A  aller à l'état 38
    BOUCLE_FOR_B  aller à l'état 39
    BOUCLE_FOR    aller à l'état 40


état 30

   95 IF_B: IF_A . bal_fer bal_ouv mc_then bal_fer INSTRUCTION

    bal_fer  décalage et aller à l'état 61


état 31

   96 IF_C: IF_B . bal_slch_ouv mc_then bal_fer INST_ELSE
   97     | IF_B . bal_slch_ouv mc_then bal_fer

    bal_slch_ouv  décalage et aller à l'état 62


état 32

   98 INST_IF: IF_C . bal_slch_ouv mc_if bal_fer

    bal_slch_ouv  décalage et aller à l'état 63


état 33

   36 BODY: INST_IF . BODY

    bal_ouv       décalage et aller à l'état 25
    bal_slch_ouv  décalage et aller à l'état 26

    BODY          aller à l'état 64
    AFFECTATION   aller à l'état 28
    INPUT         aller à l'état 29
    IF_A          aller à l'état 30
    IF_B          aller à l'état 31
    IF_C          aller à l'état 32
    INST_IF       aller à l'état 33
    BOUCLE_DO_A   aller à l'état 34
    BOUCLE_DO_B   aller à l'état 35
    BOUCLE_DO_C   aller à l'état 36
    BOUCLE_DO     aller à l'état 37
    BOUCLE_FOR_A  aller à l'état 38
    BOUCLE_FOR_B  aller à l'état 39
    BOUCLE_FOR    aller à l'état 40


état 34

  109 BOUCLE_DO_B: BOUCLE_DO_A . INSTRUCTION_BOUCLE_DO

    bal_ouv  décalage et aller à l'état 65

    AFFECTATION            aller à l'état 66
    INPUT                  aller à l'état 67
    IF_A                   aller à l'état 30
    IF_B                   aller à l'état 31
    IF_C                   aller à l'état 32
    INST_IF                aller à l'état 68
    BOUCLE_DO_A            aller à l'état 34
    BOUCLE_DO_B            aller à l'état 35
    BOUCLE_DO_C            aller à l'état 36
    BOUCLE_DO              aller à l'état 69
    INSTRUCTION_BOUCLE_DO  aller à l'état 70
    BOUCLE_FOR_A           aller à l'état 38
    BOUCLE_FOR_B           aller à l'état 39
    BOUCLE_FOR             aller à l'état 71


état 35

  110 BOUCLE_DO_C: BOUCLE_DO_B . CONDITION

    and    décalage et aller à l'état 72
    or     décalage et aller à l'état 73
    not    décalage et aller à l'état 74
    sup    décalage et aller à l'état 75
    inf    décalage et aller à l'état 76
    supeg  décalage et aller à l'état 77
    infeg  décalage et aller à l'état 78
    ega    décalage et aller à l'état 79
    dif    décalage et aller à l'état 80

    EXPRESSION_LOGIQUE      aller à l'état 81
    OpLog                   aller à l'état 82
    EXPRESSION_COMPARAISON  aller à l'état 83
    MC_COMPARAISON          aller à l'état 84
    CONDITION               aller à l'état 85


état 36

  111 BOUCLE_DO: BOUCLE_DO_C . bal_slch_fer bal_slch_ouv mc_do bal_fer

    bal_slch_fer  décalage et aller à l'état 86


état 37

   37 BODY: BOUCLE_DO . BODY

    bal_ouv       décalage et aller à l'état 25
    bal_slch_ouv  décalage et aller à l'état 26

    BODY          aller à l'état 87
    AFFECTATION   aller à l'état 28
    INPUT         aller à l'état 29
    IF_A          aller à l'état 30
    IF_B          aller à l'état 31
    IF_C          aller à l'état 32
    INST_IF       aller à l'état 33
    BOUCLE_DO_A   aller à l'état 34
    BOUCLE_DO_B   aller à l'état 35
    BOUCLE_DO_C   aller à l'état 36
    BOUCLE_DO     aller à l'état 37
    BOUCLE_FOR_A  aller à l'état 38
    BOUCLE_FOR_B  aller à l'état 39
    BOUCLE_FOR    aller à l'état 40


état 38

  121 BOUCLE_FOR_B: BOUCLE_FOR_A . mc_until SWITCHID_INT

    mc_until  décalage et aller à l'état 88


état 39

  122 BOUCLE_FOR: BOUCLE_FOR_B . bal_fer INSTRUCTION_BOUCLE_FOR

    bal_fer  décalage et aller à l'état 89


état 40

   38 BODY: BOUCLE_FOR . BODY

    bal_ouv       décalage et aller à l'état 25
    bal_slch_ouv  décalage et aller à l'état 26

    BODY          aller à l'état 90
    AFFECTATION   aller à l'état 28
    INPUT         aller à l'état 29
    IF_A          aller à l'état 30
    IF_B          aller à l'état 31
    IF_C          aller à l'état 32
    INST_IF       aller à l'état 33
    BOUCLE_DO_A   aller à l'état 34
    BOUCLE_DO_B   aller à l'état 35
    BOUCLE_DO_C   aller à l'état 36
    BOUCLE_DO     aller à l'état 37
    BOUCLE_FOR_A  aller à l'état 38
    BOUCLE_FOR_B  aller à l'état 39
    BOUCLE_FOR    aller à l'état 40


état 41

   22 DECLARATION_SIMPLE: idf . ou DECLARATION_SIMPLE
   23                   | idf . mc_as TYPE bal_slch_fer pvg

    mc_as  décalage et aller à l'état 91
    ou     décalage et aller à l'état 92


état 42

    6 DECLARATION: bal_ouv mc_array . mc_as TYPE bal_fer DECLARATION_TAB DECLARATION

    mc_as  décalage et aller à l'état 93


état 43

    5 DECLARATION: bal_ouv DECLARATION_SIMPLE . DECLARATION

    bal_ouv       décalage et aller à l'état 20
    bal_slch_ouv  décalage et aller à l'état 21

    DECLARATION  aller à l'état 94


état 44

    7 DECLARATION: bal_slch_ouv mc_sub . mc_variable bal_fer

    mc_variable  décalage et aller à l'état 95


état 45

    3 S: bal_ouv mc_exl mc_docprogram idf bal_fer bal_ouv mc_sub mc_variable bal_fer DECLARATION bal_ouv . mc_body bal_fer BODY bal_slch_ouv mc_docprogram bal_fer
    9 DECLARATION_CONST: bal_ouv . mc_sub mc_constante bal_fer $@1 LISTE_DEC_CONST

    mc_sub   décalage et aller à l'état 96
    mc_body  décalage et aller à l'état 97


état 46

    1 S: bal_ouv mc_exl mc_docprogram idf bal_fer bal_ouv mc_sub mc_variable bal_fer DECLARATION DECLARATION_CONST . bal_ouv mc_body bal_fer BODY bal_slch_ouv mc_docprogram bal_fer

    bal_ouv  décalage et aller à l'état 98


état 47

   10 LISTE_DEC_CONST: bal_ouv . DECLARATION_SIMPLE LISTE_DEC_CONST
   11                | bal_ouv . DEC_CONST_EGAL LISTE_DEC_CONST

    idf  décalage et aller à l'état 99

    DEC_CONST_EGAL      aller à l'état 100
    DECLARATION_SIMPLE  aller à l'état 101


état 48

   12 LISTE_DEC_CONST: bal_slch_ouv . mc_sub mc_constante bal_fer

    mc_sub  décalage et aller à l'état 102


état 49

    9 DECLARATION_CONST: bal_ouv mc_sub mc_constante bal_fer $@1 LISTE_DEC_CONST .

    $défaut  réduction par utilisation de la règle 9 (DECLARATION_CONST)


état 50

    2 S: bal_ouv mc_exl mc_docprogram idf bal_fer DECLARATION_CONST bal_ouv mc_sub mc_variable bal_fer DECLARATION . bal_ouv mc_body bal_fer BODY bal_slch_ouv mc_docprogram bal_fer

    bal_ouv  décalage et aller à l'état 103


état 51

   40 AFFECTATION: bal_ouv mc_aff . deuxpt idf vrg X bal_slch_fer
   41            | bal_ouv mc_aff . deuxpt idf cr_ouv cst_unsigned_int cr_fer vrg X bal_slch_fer

    deuxpt  décalage et aller à l'état 104


état 52

   77 INPUT: bal_ouv mc_input . deuxpt idf chaine_gauche SIGNE_FORMATAGE chaine_droite

    deuxpt  décalage et aller à l'état 105


état 53

   35 BODY: bal_ouv mc_output . deuxpt OUTPUT $@3 BODY

    deuxpt  décalage et aller à l'état 106


état 54

   94 IF_A: bal_ouv mc_if . deuxpt CONDITION

    deuxpt  décalage et aller à l'état 107


état 55

  108 BOUCLE_DO_A: bal_ouv mc_do . bal_fer

    bal_fer  décalage et aller à l'état 108


état 56

  120 BOUCLE_FOR_A: bal_ouv mc_for . idf egal SWITCH_INT

    idf  décalage et aller à l'état 109


état 57

   39 BODY: bal_slch_ouv mc_body . bal_fer

    bal_fer  décalage et aller à l'état 110


état 58

    4 S: bal_ouv mc_exl mc_docprogram idf bal_fer DECLARATION_CONST bal_ouv mc_body bal_fer BODY bal_slch_ouv . mc_docprogram bal_fer

    mc_docprogram  décalage et aller à l'état 111


état 59

   32 BODY: AFFECTATION BODY .

    $défaut  réduction par utilisation de la règle 32 (BODY)


état 60

   33 BODY: INPUT BODY .

    $défaut  réduction par utilisation de la règle 33 (BODY)


état 61

   95 IF_B: IF_A bal_fer . bal_ouv mc_then bal_fer INSTRUCTION

    bal_ouv  décalage et aller à l'état 112


état 62

   96 IF_C: IF_B bal_slch_ouv . mc_then bal_fer INST_ELSE
   97     | IF_B bal_slch_ouv . mc_then bal_fer

    mc_then  décalage et aller à l'état 113


état 63

   98 INST_IF: IF_C bal_slch_ouv . mc_if bal_fer

    mc_if  décalage et aller à l'état 114


état 64

   36 BODY: INST_IF BODY .

    $défaut  réduction par utilisation de la règle 36 (BODY)


état 65

   40 AFFECTATION: bal_ouv . mc_aff deuxpt idf vrg X bal_slch_fer
   41            | bal_ouv . mc_aff deuxpt idf cr_ouv cst_unsigned_int cr_fer vrg X bal_slch_fer
   77 INPUT: bal_ouv . mc_input deuxpt idf chaine_gauche SIGNE_FORMATAGE chaine_droite
   94 IF_A: bal_ouv . mc_if deuxpt CONDITION
  108 BOUCLE_DO_A: bal_ouv . mc_do bal_fer
  115 INSTRUCTION_BOUCLE_DO: bal_ouv . mc_output deuxpt OUTPUT $@6 INSTRUCTION_BOUCLE_DO
  119                      | bal_ouv . mc_while deuxpt
  120 BOUCLE_FOR_A: bal_ouv . mc_for idf egal SWITCH_INT

    mc_aff     décalage et aller à l'état 51
    mc_input   décalage et aller à l'état 52
    mc_output  décalage et aller à l'état 115
    mc_if      décalage et aller à l'état 54
    mc_do      décalage et aller à l'état 55
    mc_while   décalage et aller à l'état 116
    mc_for     décalage et aller à l'état 56


état 66

  112 INSTRUCTION_BOUCLE_DO: AFFECTATION . INSTRUCTION_BOUCLE_DO

    bal_ouv  décalage et aller à l'état 65

    AFFECTATION            aller à l'état 66
    INPUT                  aller à l'état 67
    IF_A                   aller à l'état 30
    IF_B                   aller à l'état 31
    IF_C                   aller à l'état 32
    INST_IF                aller à l'état 68
    BOUCLE_DO_A            aller à l'état 34
    BOUCLE_DO_B            aller à l'état 35
    BOUCLE_DO_C            aller à l'état 36
    BOUCLE_DO              aller à l'état 69
    INSTRUCTION_BOUCLE_DO  aller à l'état 117
    BOUCLE_FOR_A           aller à l'état 38
    BOUCLE_FOR_B           aller à l'état 39
    BOUCLE_FOR             aller à l'état 71


état 67

  113 INSTRUCTION_BOUCLE_DO: INPUT . INSTRUCTION_BOUCLE_DO

    bal_ouv  décalage et aller à l'état 65

    AFFECTATION            aller à l'état 66
    INPUT                  aller à l'état 67
    IF_A                   aller à l'état 30
    IF_B                   aller à l'état 31
    IF_C                   aller à l'état 32
    INST_IF                aller à l'état 68
    BOUCLE_DO_A            aller à l'état 34
    BOUCLE_DO_B            aller à l'état 35
    BOUCLE_DO_C            aller à l'état 36
    BOUCLE_DO              aller à l'état 69
    INSTRUCTION_BOUCLE_DO  aller à l'état 118
    BOUCLE_FOR_A           aller à l'état 38
    BOUCLE_FOR_B           aller à l'état 39
    BOUCLE_FOR             aller à l'état 71


état 68

  116 INSTRUCTION_BOUCLE_DO: INST_IF . INSTRUCTION_BOUCLE_DO

    bal_ouv  décalage et aller à l'état 65

    AFFECTATION            aller à l'état 66
    INPUT                  aller à l'état 67
    IF_A                   aller à l'état 30
    IF_B                   aller à l'état 31
    IF_C                   aller à l'état 32
    INST_IF                aller à l'état 68
    BOUCLE_DO_A            aller à l'état 34
    BOUCLE_DO_B            aller à l'état 35
    BOUCLE_DO_C            aller à l'état 36
    BOUCLE_DO              aller à l'état 69
    INSTRUCTION_BOUCLE_DO  aller à l'état 119
    BOUCLE_FOR_A           aller à l'état 38
    BOUCLE_FOR_B           aller à l'état 39
    BOUCLE_FOR             aller à l'état 71


état 69

  117 INSTRUCTION_BOUCLE_DO: BOUCLE_DO . INSTRUCTION_BOUCLE_DO

    bal_ouv  décalage et aller à l'état 65

    AFFECTATION            aller à l'état 66
    INPUT                  aller à l'état 67
    IF_A                   aller à l'état 30
    IF_B                   aller à l'état 31
    IF_C                   aller à l'état 32
    INST_IF                aller à l'état 68
    BOUCLE_DO_A            aller à l'état 34
    BOUCLE_DO_B            aller à l'état 35
    BOUCLE_DO_C            aller à l'état 36
    BOUCLE_DO              aller à l'état 69
    INSTRUCTION_BOUCLE_DO  aller à l'état 120
    BOUCLE_FOR_A           aller à l'état 38
    BOUCLE_FOR_B           aller à l'état 39
    BOUCLE_FOR             aller à l'état 71


état 70

  109 BOUCLE_DO_B: BOUCLE_DO_A INSTRUCTION_BOUCLE_DO .

    $défaut  réduction par utilisation de la règle 109 (BOUCLE_DO_B)


état 71

  118 INSTRUCTION_BOUCLE_DO: BOUCLE_FOR . INSTRUCTION_BOUCLE_DO

    bal_ouv  décalage et aller à l'état 65

    AFFECTATION            aller à l'état 66
    INPUT                  aller à l'état 67
    IF_A                   aller à l'état 30
    IF_B                   aller à l'état 31
    IF_C                   aller à l'état 32
    INST_IF                aller à l'état 68
    BOUCLE_DO_A            aller à l'état 34
    BOUCLE_DO_B            aller à l'état 35
    BOUCLE_DO_C            aller à l'état 36
    BOUCLE_DO              aller à l'état 69
    INSTRUCTION_BOUCLE_DO  aller à l'état 121
    BOUCLE_FOR_A           aller à l'état 38
    BOUCLE_FOR_B           aller à l'état 39
    BOUCLE_FOR             aller à l'état 71


état 72

   61 OpLog: and .

    $défaut  réduction par utilisation de la règle 61 (OpLog)


état 73

   62 OpLog: or .

    $défaut  réduction par utilisation de la règle 62 (OpLog)


état 74

   60 EXPRESSION_LOGIQUE: not . par_ouv TYPE_EXP par_fer

    par_ouv  décalage et aller à l'état 122


état 75

   71 MC_COMPARAISON: sup .

    $défaut  réduction par utilisation de la règle 71 (MC_COMPARAISON)


état 76

   74 MC_COMPARAISON: inf .

    $défaut  réduction par utilisation de la règle 74 (MC_COMPARAISON)


état 77

   72 MC_COMPARAISON: supeg .

    $défaut  réduction par utilisation de la règle 72 (MC_COMPARAISON)


état 78

   73 MC_COMPARAISON: infeg .

    $défaut  réduction par utilisation de la règle 73 (MC_COMPARAISON)


état 79

   75 MC_COMPARAISON: ega .

    $défaut  réduction par utilisation de la règle 75 (MC_COMPARAISON)


état 80

   76 MC_COMPARAISON: dif .

    $défaut  réduction par utilisation de la règle 76 (MC_COMPARAISON)


état 81

   99 CONDITION: EXPRESSION_LOGIQUE .

    $défaut  réduction par utilisation de la règle 99 (CONDITION)


état 82

   59 EXPRESSION_LOGIQUE: OpLog . par_ouv EXPRESSIONS par_fer

    par_ouv  décalage et aller à l'état 123


état 83

  100 CONDITION: EXPRESSION_COMPARAISON .

    $défaut  réduction par utilisation de la règle 100 (CONDITION)


état 84

   70 EXPRESSION_COMPARAISON: MC_COMPARAISON . par_ouv EXPRESSION_ARITH vrg EXPRESSION_ARITH par_fer

    par_ouv  décalage et aller à l'état 124


état 85

  110 BOUCLE_DO_C: BOUCLE_DO_B CONDITION .

    $défaut  réduction par utilisation de la règle 110 (BOUCLE_DO_C)


état 86

  111 BOUCLE_DO: BOUCLE_DO_C bal_slch_fer . bal_slch_ouv mc_do bal_fer

    bal_slch_ouv  décalage et aller à l'état 125


état 87

   37 BODY: BOUCLE_DO BODY .

    $défaut  réduction par utilisation de la règle 37 (BODY)


état 88

  121 BOUCLE_FOR_B: BOUCLE_FOR_A mc_until . SWITCHID_INT

    idf               décalage et aller à l'état 126
    par_ouv           décalage et aller à l'état 127
    cst_unsigned_int  décalage et aller à l'état 128

    SWITCH_INT    aller à l'état 129
    SWITCHID_INT  aller à l'état 130


état 89

  122 BOUCLE_FOR: BOUCLE_FOR_B bal_fer . INSTRUCTION_BOUCLE_FOR

    bal_ouv       décalage et aller à l'état 131
    bal_slch_ouv  décalage et aller à l'état 132

    AFFECTATION             aller à l'état 133
    INPUT                   aller à l'état 134
    IF_A                    aller à l'état 30
    IF_B                    aller à l'état 31
    IF_C                    aller à l'état 32
    INST_IF                 aller à l'état 135
    BOUCLE_DO_A             aller à l'état 34
    BOUCLE_DO_B             aller à l'état 35
    BOUCLE_DO_C             aller à l'état 36
    BOUCLE_DO               aller à l'état 136
    BOUCLE_FOR_A            aller à l'état 38
    BOUCLE_FOR_B            aller à l'état 39
    BOUCLE_FOR              aller à l'état 137
    INSTRUCTION_BOUCLE_FOR  aller à l'état 138


état 90

   38 BODY: BOUCLE_FOR BODY .

    $défaut  réduction par utilisation de la règle 38 (BODY)


état 91

   23 DECLARATION_SIMPLE: idf mc_as . TYPE bal_slch_fer pvg

    mc_int     décalage et aller à l'état 139
    mc_float   décalage et aller à l'état 140
    mc_char    décalage et aller à l'état 141
    mc_string  décalage et aller à l'état 142
    mc_bool    décalage et aller à l'état 143

    TYPE  aller à l'état 144


état 92

   22 DECLARATION_SIMPLE: idf ou . DECLARATION_SIMPLE

    idf  décalage et aller à l'état 41

    DECLARATION_SIMPLE  aller à l'état 145


état 93

    6 DECLARATION: bal_ouv mc_array mc_as . TYPE bal_fer DECLARATION_TAB DECLARATION

    mc_int     décalage et aller à l'état 139
    mc_float   décalage et aller à l'état 140
    mc_char    décalage et aller à l'état 141
    mc_string  décalage et aller à l'état 142
    mc_bool    décalage et aller à l'état 143

    TYPE  aller à l'état 146


état 94

    5 DECLARATION: bal_ouv DECLARATION_SIMPLE DECLARATION .

    $défaut  réduction par utilisation de la règle 5 (DECLARATION)


état 95

    7 DECLARATION: bal_slch_ouv mc_sub mc_variable . bal_fer

    bal_fer  décalage et aller à l'état 147


état 96

    9 DECLARATION_CONST: bal_ouv mc_sub . mc_constante bal_fer $@1 LISTE_DEC_CONST

    mc_constante  décalage et aller à l'état 13


état 97

    3 S: bal_ouv mc_exl mc_docprogram idf bal_fer bal_ouv mc_sub mc_variable bal_fer DECLARATION bal_ouv mc_body . bal_fer BODY bal_slch_ouv mc_docprogram bal_fer

    bal_fer  décalage et aller à l'état 148


état 98

    1 S: bal_ouv mc_exl mc_docprogram idf bal_fer bal_ouv mc_sub mc_variable bal_fer DECLARATION DECLARATION_CONST bal_ouv . mc_body bal_fer BODY bal_slch_ouv mc_docprogram bal_fer

    mc_body  décalage et aller à l'état 149


état 99

   13 DEC_CONST_EGAL: idf . egal SWITCH_CST_TYPES bal_slch_fer pvg
   22 DECLARATION_SIMPLE: idf . ou DECLARATION_SIMPLE
   23                   | idf . mc_as TYPE bal_slch_fer pvg

    mc_as  décalage et aller à l'état 91
    ou     décalage et aller à l'état 92
    egal   décalage et aller à l'état 150


état 100

   11 LISTE_DEC_CONST: bal_ouv DEC_CONST_EGAL . LISTE_DEC_CONST

    bal_ouv       décalage et aller à l'état 47
    bal_slch_ouv  décalage et aller à l'état 48

    LISTE_DEC_CONST  aller à l'état 151


état 101

   10 LISTE_DEC_CONST: bal_ouv DECLARATION_SIMPLE . LISTE_DEC_CONST

    bal_ouv       décalage et aller à l'état 47
    bal_slch_ouv  décalage et aller à l'état 48

    LISTE_DEC_CONST  aller à l'état 152


état 102

   12 LISTE_DEC_CONST: bal_slch_ouv mc_sub . mc_constante bal_fer

    mc_constante  décalage et aller à l'état 153


état 103

    2 S: bal_ouv mc_exl mc_docprogram idf bal_fer DECLARATION_CONST bal_ouv mc_sub mc_variable bal_fer DECLARATION bal_ouv . mc_body bal_fer BODY bal_slch_ouv mc_docprogram bal_fer

    mc_body  décalage et aller à l'état 154


état 104

   40 AFFECTATION: bal_ouv mc_aff deuxpt . idf vrg X bal_slch_fer
   41            | bal_ouv mc_aff deuxpt . idf cr_ouv cst_unsigned_int cr_fer vrg X bal_slch_fer

    idf  décalage et aller à l'état 155


état 105

   77 INPUT: bal_ouv mc_input deuxpt . idf chaine_gauche SIGNE_FORMATAGE chaine_droite

    idf  décalage et aller à l'état 156


état 106

   35 BODY: bal_ouv mc_output deuxpt . OUTPUT $@3 BODY

    chaine_gauche  décalage et aller à l'état 157
    simple_string  décalage et aller à l'état 158

    OUTPUT  aller à l'état 159


état 107

   94 IF_A: bal_ouv mc_if deuxpt . CONDITION

    and    décalage et aller à l'état 72
    or     décalage et aller à l'état 73
    not    décalage et aller à l'état 74
    sup    décalage et aller à l'état 75
    inf    décalage et aller à l'état 76
    supeg  décalage et aller à l'état 77
    infeg  décalage et aller à l'état 78
    ega    décalage et aller à l'état 79
    dif    décalage et aller à l'état 80

    EXPRESSION_LOGIQUE      aller à l'état 81
    OpLog                   aller à l'état 82
    EXPRESSION_COMPARAISON  aller à l'état 83
    MC_COMPARAISON          aller à l'état 84
    CONDITION               aller à l'état 160


état 108

  108 BOUCLE_DO_A: bal_ouv mc_do bal_fer .

    $défaut  réduction par utilisation de la règle 108 (BOUCLE_DO_A)


état 109

  120 BOUCLE_FOR_A: bal_ouv mc_for idf . egal SWITCH_INT

    egal  décalage et aller à l'état 161


état 110

   39 BODY: bal_slch_ouv mc_body bal_fer .

    $défaut  réduction par utilisation de la règle 39 (BODY)


état 111

    4 S: bal_ouv mc_exl mc_docprogram idf bal_fer DECLARATION_CONST bal_ouv mc_body bal_fer BODY bal_slch_ouv mc_docprogram . bal_fer

    bal_fer  décalage et aller à l'état 162


état 112

   95 IF_B: IF_A bal_fer bal_ouv . mc_then bal_fer INSTRUCTION

    mc_then  décalage et aller à l'état 163


état 113

   96 IF_C: IF_B bal_slch_ouv mc_then . bal_fer INST_ELSE
   97     | IF_B bal_slch_ouv mc_then . bal_fer

    bal_fer  décalage et aller à l'état 164


état 114

   98 INST_IF: IF_C bal_slch_ouv mc_if . bal_fer

    bal_fer  décalage et aller à l'état 165


état 115

  115 INSTRUCTION_BOUCLE_DO: bal_ouv mc_output . deuxpt OUTPUT $@6 INSTRUCTION_BOUCLE_DO

    deuxpt  décalage et aller à l'état 166


état 116

  119 INSTRUCTION_BOUCLE_DO: bal_ouv mc_while . deuxpt

    deuxpt  décalage et aller à l'état 167


état 117

  112 INSTRUCTION_BOUCLE_DO: AFFECTATION INSTRUCTION_BOUCLE_DO .

    $défaut  réduction par utilisation de la règle 112 (INSTRUCTION_BOUCLE_DO)


état 118

  113 INSTRUCTION_BOUCLE_DO: INPUT INSTRUCTION_BOUCLE_DO .

    $défaut  réduction par utilisation de la règle 113 (INSTRUCTION_BOUCLE_DO)


état 119

  116 INSTRUCTION_BOUCLE_DO: INST_IF INSTRUCTION_BOUCLE_DO .

    $défaut  réduction par utilisation de la règle 116 (INSTRUCTION_BOUCLE_DO)


état 120

  117 INSTRUCTION_BOUCLE_DO: BOUCLE_DO INSTRUCTION_BOUCLE_DO .

    $défaut  réduction par utilisation de la règle 117 (INSTRUCTION_BOUCLE_DO)


état 121

  118 INSTRUCTION_BOUCLE_DO: BOUCLE_FOR INSTRUCTION_BOUCLE_DO .

    $défaut  réduction par utilisation de la règle 118 (INSTRUCTION_BOUCLE_DO)


état 122

   60 EXPRESSION_LOGIQUE: not par_ouv . TYPE_EXP par_fer

    idf       décalage et aller à l'état 168
    cst_bool  décalage et aller à l'état 169
    and       décalage et aller à l'état 72
    or        décalage et aller à l'état 73
    not       décalage et aller à l'état 74
    sup       décalage et aller à l'état 75
    inf       décalage et aller à l'état 76
    supeg     décalage et aller à l'état 77
    infeg     décalage et aller à l'état 78
    ega       décalage et aller à l'état 79
    dif       décalage et aller à l'état 80

    EXPRESSION_LOGIQUE      aller à l'état 170
    OpLog                   aller à l'état 82
    TYPE_EXP                aller à l'état 171
    EXPRESSION_COMPARAISON  aller à l'état 172
    MC_COMPARAISON          aller à l'état 84


état 123

   59 EXPRESSION_LOGIQUE: OpLog par_ouv . EXPRESSIONS par_fer

    idf       décalage et aller à l'état 168
    cst_bool  décalage et aller à l'état 169
    and       décalage et aller à l'état 72
    or        décalage et aller à l'état 73
    not       décalage et aller à l'état 74
    sup       décalage et aller à l'état 75
    inf       décalage et aller à l'état 76
    supeg     décalage et aller à l'état 77
    infeg     décalage et aller à l'état 78
    ega       décalage et aller à l'état 79
    dif       décalage et aller à l'état 80

    EXPRESSION_LOGIQUE      aller à l'état 170
    OpLog                   aller à l'état 82
    EXPRESSIONS             aller à l'état 173
    TYPE_EXP                aller à l'état 174
    EXPRESSION_COMPARAISON  aller à l'état 172
    MC_COMPARAISON          aller à l'état 84


état 124

   70 EXPRESSION_COMPARAISON: MC_COMPARAISON par_ouv . EXPRESSION_ARITH vrg EXPRESSION_ARITH par_fer

    idf               décalage et aller à l'état 175
    par_ouv           décalage et aller à l'état 176
    cst_unsigned_int  décalage et aller à l'état 177
    cst_float         décalage et aller à l'état 178

    EXPRESSION_ARITH  aller à l'état 179
    TERM              aller à l'état 180


état 125

  111 BOUCLE_DO: BOUCLE_DO_C bal_slch_fer bal_slch_ouv . mc_do bal_fer

    mc_do  décalage et aller à l'état 181


état 126

  123 SWITCHID_INT: idf .

    $défaut  réduction par utilisation de la règle 123 (SWITCHID_INT)


état 127

   19 SWITCH_INT: par_ouv . cst_int_pos par_fer
   20           | par_ouv . cst_int_neg par_fer

    cst_int_pos  décalage et aller à l'état 182
    cst_int_neg  décalage et aller à l'état 183


état 128

   21 SWITCH_INT: cst_unsigned_int .

    $défaut  réduction par utilisation de la règle 21 (SWITCH_INT)


état 129

  124 SWITCHID_INT: SWITCH_INT .

    $défaut  réduction par utilisation de la règle 124 (SWITCHID_INT)


état 130

  121 BOUCLE_FOR_B: BOUCLE_FOR_A mc_until SWITCHID_INT .

    $défaut  réduction par utilisation de la règle 121 (BOUCLE_FOR_B)


état 131

   40 AFFECTATION: bal_ouv . mc_aff deuxpt idf vrg X bal_slch_fer
   41            | bal_ouv . mc_aff deuxpt idf cr_ouv cst_unsigned_int cr_fer vrg X bal_slch_fer
   77 INPUT: bal_ouv . mc_input deuxpt idf chaine_gauche SIGNE_FORMATAGE chaine_droite
   94 IF_A: bal_ouv . mc_if deuxpt CONDITION
  108 BOUCLE_DO_A: bal_ouv . mc_do bal_fer
  120 BOUCLE_FOR_A: bal_ouv . mc_for idf egal SWITCH_INT
  128 INSTRUCTION_BOUCLE_FOR: bal_ouv . mc_output deuxpt OUTPUT $@7 INSTRUCTION_BOUCLE_FOR

    mc_aff     décalage et aller à l'état 51
    mc_input   décalage et aller à l'état 52
    mc_output  décalage et aller à l'état 184
    mc_if      décalage et aller à l'état 54
    mc_do      décalage et aller à l'état 55
    mc_for     décalage et aller à l'état 56


état 132

  132 INSTRUCTION_BOUCLE_FOR: bal_slch_ouv . mc_for bal_fer

    mc_for  décalage et aller à l'état 185


état 133

  125 INSTRUCTION_BOUCLE_FOR: AFFECTATION . INSTRUCTION_BOUCLE_FOR

    bal_ouv       décalage et aller à l'état 131
    bal_slch_ouv  décalage et aller à l'état 132

    AFFECTATION             aller à l'état 133
    INPUT                   aller à l'état 134
    IF_A                    aller à l'état 30
    IF_B                    aller à l'état 31
    IF_C                    aller à l'état 32
    INST_IF                 aller à l'état 135
    BOUCLE_DO_A             aller à l'état 34
    BOUCLE_DO_B             aller à l'état 35
    BOUCLE_DO_C             aller à l'état 36
    BOUCLE_DO               aller à l'état 136
    BOUCLE_FOR_A            aller à l'état 38
    BOUCLE_FOR_B            aller à l'état 39
    BOUCLE_FOR              aller à l'état 137
    INSTRUCTION_BOUCLE_FOR  aller à l'état 186


état 134

  126 INSTRUCTION_BOUCLE_FOR: INPUT . INSTRUCTION_BOUCLE_FOR

    bal_ouv       décalage et aller à l'état 131
    bal_slch_ouv  décalage et aller à l'état 132

    AFFECTATION             aller à l'état 133
    INPUT                   aller à l'état 134
    IF_A                    aller à l'état 30
    IF_B                    aller à l'état 31
    IF_C                    aller à l'état 32
    INST_IF                 aller à l'état 135
    BOUCLE_DO_A             aller à l'état 34
    BOUCLE_DO_B             aller à l'état 35
    BOUCLE_DO_C             aller à l'état 36
    BOUCLE_DO               aller à l'état 136
    BOUCLE_FOR_A            aller à l'état 38
    BOUCLE_FOR_B            aller à l'état 39
    BOUCLE_FOR              aller à l'état 137
    INSTRUCTION_BOUCLE_FOR  aller à l'état 187


état 135

  129 INSTRUCTION_BOUCLE_FOR: INST_IF . INSTRUCTION_BOUCLE_FOR

    bal_ouv       décalage et aller à l'état 131
    bal_slch_ouv  décalage et aller à l'état 132

    AFFECTATION             aller à l'état 133
    INPUT                   aller à l'état 134
    IF_A                    aller à l'état 30
    IF_B                    aller à l'état 31
    IF_C                    aller à l'état 32
    INST_IF                 aller à l'état 135
    BOUCLE_DO_A             aller à l'état 34
    BOUCLE_DO_B             aller à l'état 35
    BOUCLE_DO_C             aller à l'état 36
    BOUCLE_DO               aller à l'état 136
    BOUCLE_FOR_A            aller à l'état 38
    BOUCLE_FOR_B            aller à l'état 39
    BOUCLE_FOR              aller à l'état 137
    INSTRUCTION_BOUCLE_FOR  aller à l'état 188


état 136

  130 INSTRUCTION_BOUCLE_FOR: BOUCLE_DO . INSTRUCTION_BOUCLE_FOR

    bal_ouv       décalage et aller à l'état 131
    bal_slch_ouv  décalage et aller à l'état 132

    AFFECTATION             aller à l'état 133
    INPUT                   aller à l'état 134
    IF_A                    aller à l'état 30
    IF_B                    aller à l'état 31
    IF_C                    aller à l'état 32
    INST_IF                 aller à l'état 135
    BOUCLE_DO_A             aller à l'état 34
    BOUCLE_DO_B             aller à l'état 35
    BOUCLE_DO_C             aller à l'état 36
    BOUCLE_DO               aller à l'état 136
    BOUCLE_FOR_A            aller à l'état 38
    BOUCLE_FOR_B            aller à l'état 39
    BOUCLE_FOR              aller à l'état 137
    INSTRUCTION_BOUCLE_FOR  aller à l'état 189


état 137

  131 INSTRUCTION_BOUCLE_FOR: BOUCLE_FOR . INSTRUCTION_BOUCLE_FOR

    bal_ouv       décalage et aller à l'état 131
    bal_slch_ouv  décalage et aller à l'état 132

    AFFECTATION             aller à l'état 133
    INPUT                   aller à l'état 134
    IF_A                    aller à l'état 30
    IF_B                    aller à l'état 31
    IF_C                    aller à l'état 32
    INST_IF                 aller à l'état 135
    BOUCLE_DO_A             aller à l'état 34
    BOUCLE_DO_B             aller à l'état 35
    BOUCLE_DO_C             aller à l'état 36
    BOUCLE_DO               aller à l'état 136
    BOUCLE_FOR_A            aller à l'état 38
    BOUCLE_FOR_B            aller à l'état 39
    BOUCLE_FOR              aller à l'état 137
    INSTRUCTION_BOUCLE_FOR  aller à l'état 190


état 138

  122 BOUCLE_FOR: BOUCLE_FOR_B bal_fer INSTRUCTION_BOUCLE_FOR .

    $défaut  réduction par utilisation de la règle 122 (BOUCLE_FOR)


état 139

   24 TYPE: mc_int .

    $défaut  réduction par utilisation de la règle 24 (TYPE)


état 140

   25 TYPE: mc_float .

    $défaut  réduction par utilisation de la règle 25 (TYPE)


état 141

   26 TYPE: mc_char .

    $défaut  réduction par utilisation de la règle 26 (TYPE)


état 142

   27 TYPE: mc_string .

    $défaut  réduction par utilisation de la règle 27 (TYPE)


état 143

   28 TYPE: mc_bool .

    $défaut  réduction par utilisation de la règle 28 (TYPE)


état 144

   23 DECLARATION_SIMPLE: idf mc_as TYPE . bal_slch_fer pvg

    bal_slch_fer  décalage et aller à l'état 191


état 145

   22 DECLARATION_SIMPLE: idf ou DECLARATION_SIMPLE .

    $défaut  réduction par utilisation de la règle 22 (DECLARATION_SIMPLE)


état 146

    6 DECLARATION: bal_ouv mc_array mc_as TYPE . bal_fer DECLARATION_TAB DECLARATION

    bal_fer  décalage et aller à l'état 192


état 147

    7 DECLARATION: bal_slch_ouv mc_sub mc_variable bal_fer .

    $défaut  réduction par utilisation de la règle 7 (DECLARATION)


état 148

    3 S: bal_ouv mc_exl mc_docprogram idf bal_fer bal_ouv mc_sub mc_variable bal_fer DECLARATION bal_ouv mc_body bal_fer . BODY bal_slch_ouv mc_docprogram bal_fer

    bal_ouv       décalage et aller à l'état 25
    bal_slch_ouv  décalage et aller à l'état 26

    BODY          aller à l'état 193
    AFFECTATION   aller à l'état 28
    INPUT         aller à l'état 29
    IF_A          aller à l'état 30
    IF_B          aller à l'état 31
    IF_C          aller à l'état 32
    INST_IF       aller à l'état 33
    BOUCLE_DO_A   aller à l'état 34
    BOUCLE_DO_B   aller à l'état 35
    BOUCLE_DO_C   aller à l'état 36
    BOUCLE_DO     aller à l'état 37
    BOUCLE_FOR_A  aller à l'état 38
    BOUCLE_FOR_B  aller à l'état 39
    BOUCLE_FOR    aller à l'état 40


état 149

    1 S: bal_ouv mc_exl mc_docprogram idf bal_fer bal_ouv mc_sub mc_variable bal_fer DECLARATION DECLARATION_CONST bal_ouv mc_body . bal_fer BODY bal_slch_ouv mc_docprogram bal_fer

    bal_fer  décalage et aller à l'état 194


état 150

   13 DEC_CONST_EGAL: idf egal . SWITCH_CST_TYPES bal_slch_fer pvg

    par_ouv           décalage et aller à l'état 127
    cst_unsigned_int  décalage et aller à l'état 128
    cst_float         décalage et aller à l'état 195
    cst_bool          décalage et aller à l'état 196
    cst_char          décalage et aller à l'état 197
    simple_string     décalage et aller à l'état 198

    SWITCH_CST_TYPES  aller à l'état 199
    SWITCH_INT        aller à l'état 200


état 151

   11 LISTE_DEC_CONST: bal_ouv DEC_CONST_EGAL LISTE_DEC_CONST .

    $défaut  réduction par utilisation de la règle 11 (LISTE_DEC_CONST)


état 152

   10 LISTE_DEC_CONST: bal_ouv DECLARATION_SIMPLE LISTE_DEC_CONST .

    $défaut  réduction par utilisation de la règle 10 (LISTE_DEC_CONST)


état 153

   12 LISTE_DEC_CONST: bal_slch_ouv mc_sub mc_constante . bal_fer

    bal_fer  décalage et aller à l'état 201


état 154

    2 S: bal_ouv mc_exl mc_docprogram idf bal_fer DECLARATION_CONST bal_ouv mc_sub mc_variable bal_fer DECLARATION bal_ouv mc_body . bal_fer BODY bal_slch_ouv mc_docprogram bal_fer

    bal_fer  décalage et aller à l'état 202


état 155

   40 AFFECTATION: bal_ouv mc_aff deuxpt idf . vrg X bal_slch_fer
   41            | bal_ouv mc_aff deuxpt idf . cr_ouv cst_unsigned_int cr_fer vrg X bal_slch_fer

    cr_ouv  décalage et aller à l'état 203
    vrg     décalage et aller à l'état 204


état 156

   77 INPUT: bal_ouv mc_input deuxpt idf . chaine_gauche SIGNE_FORMATAGE chaine_droite

    chaine_gauche  décalage et aller à l'état 205


état 157

   78 OUTPUT: chaine_gauche . SIGNE_FORMATAGE chaine_outdr ID plus OUTPUT
   80       | chaine_gauche . SIGNE_FORMATAGE chaine_outdr ID bal_slch_fer

    dollar  décalage et aller à l'état 206
    mod     décalage et aller à l'état 207
    hash    décalage et aller à l'état 208
    arob    décalage et aller à l'état 209
    etcom   décalage et aller à l'état 210

    SIGNE_FORMATAGE  aller à l'état 211


état 158

   79 OUTPUT: simple_string . plus OUTPUT
   81       | simple_string . bal_slch_fer

    bal_slch_fer  décalage et aller à l'état 212
    plus          décalage et aller à l'état 213


état 159

   35 BODY: bal_ouv mc_output deuxpt OUTPUT . $@3 BODY

    $défaut  réduction par utilisation de la règle 34 ($@3)

    $@3  aller à l'état 214


état 160

   94 IF_A: bal_ouv mc_if deuxpt CONDITION .

    $défaut  réduction par utilisation de la règle 94 (IF_A)


état 161

  120 BOUCLE_FOR_A: bal_ouv mc_for idf egal . SWITCH_INT

    par_ouv           décalage et aller à l'état 127
    cst_unsigned_int  décalage et aller à l'état 128

    SWITCH_INT  aller à l'état 215


état 162

    4 S: bal_ouv mc_exl mc_docprogram idf bal_fer DECLARATION_CONST bal_ouv mc_body bal_fer BODY bal_slch_ouv mc_docprogram bal_fer .

    $défaut  réduction par utilisation de la règle 4 (S)


état 163

   95 IF_B: IF_A bal_fer bal_ouv mc_then . bal_fer INSTRUCTION

    bal_fer  décalage et aller à l'état 216


état 164

   96 IF_C: IF_B bal_slch_ouv mc_then bal_fer . INST_ELSE
   97     | IF_B bal_slch_ouv mc_then bal_fer .

    bal_ouv  décalage et aller à l'état 217

    $défaut  réduction par utilisation de la règle 97 (IF_C)

    INST_ELSE  aller à l'état 218


état 165

   98 INST_IF: IF_C bal_slch_ouv mc_if bal_fer .

    $défaut  réduction par utilisation de la règle 98 (INST_IF)


état 166

  115 INSTRUCTION_BOUCLE_DO: bal_ouv mc_output deuxpt . OUTPUT $@6 INSTRUCTION_BOUCLE_DO

    chaine_gauche  décalage et aller à l'état 157
    simple_string  décalage et aller à l'état 158

    OUTPUT  aller à l'état 219


état 167

  119 INSTRUCTION_BOUCLE_DO: bal_ouv mc_while deuxpt .

    $défaut  réduction par utilisation de la règle 119 (INSTRUCTION_BOUCLE_DO)


état 168

   68 TYPE_EXP: idf .
   69         | idf . cr_ouv cst_unsigned_int cr_fer

    cr_ouv  décalage et aller à l'état 220

    $défaut  réduction par utilisation de la règle 68 (TYPE_EXP)


état 169

   67 TYPE_EXP: cst_bool .

    $défaut  réduction par utilisation de la règle 67 (TYPE_EXP)


état 170

   65 TYPE_EXP: EXPRESSION_LOGIQUE .

    $défaut  réduction par utilisation de la règle 65 (TYPE_EXP)


état 171

   60 EXPRESSION_LOGIQUE: not par_ouv TYPE_EXP . par_fer

    par_fer  décalage et aller à l'état 221


état 172

   66 TYPE_EXP: EXPRESSION_COMPARAISON .

    $défaut  réduction par utilisation de la règle 66 (TYPE_EXP)


état 173

   59 EXPRESSION_LOGIQUE: OpLog par_ouv EXPRESSIONS . par_fer

    par_fer  décalage et aller à l'état 222


état 174

   63 EXPRESSIONS: TYPE_EXP . vrg EXPRESSIONS
   64            | TYPE_EXP . vrg TYPE_EXP

    vrg  décalage et aller à l'état 223


état 175

   57 TERM: idf .
   58     | idf . cr_ouv cst_unsigned_int cr_fer

    cr_ouv  décalage et aller à l'état 224

    $défaut  réduction par utilisation de la règle 57 (TERM)


état 176

   48 EXPRESSION_ARITH: par_ouv . EXPRESSION_ARITH par_fer
   54 TERM: par_ouv . cst_int_neg par_fer

    idf               décalage et aller à l'état 175
    par_ouv           décalage et aller à l'état 176
    cst_unsigned_int  décalage et aller à l'état 177
    cst_int_neg       décalage et aller à l'état 225
    cst_float         décalage et aller à l'état 178

    EXPRESSION_ARITH  aller à l'état 226
    TERM              aller à l'état 180


état 177

   55 TERM: cst_unsigned_int .

    $défaut  réduction par utilisation de la règle 55 (TERM)


état 178

   56 TERM: cst_float .

    $défaut  réduction par utilisation de la règle 56 (TERM)


état 179

   49 EXPRESSION_ARITH: EXPRESSION_ARITH . plus EXPRESSION_ARITH
   50                 | EXPRESSION_ARITH . moins EXPRESSION_ARITH
   51                 | EXPRESSION_ARITH . divis EXPRESSION_ARITH
   52                 | EXPRESSION_ARITH . mult EXPRESSION_ARITH
   70 EXPRESSION_COMPARAISON: MC_COMPARAISON par_ouv EXPRESSION_ARITH . vrg EXPRESSION_ARITH par_fer

    plus   décalage et aller à l'état 227
    moins  décalage et aller à l'état 228
    mult   décalage et aller à l'état 229
    divis  décalage et aller à l'état 230
    vrg    décalage et aller à l'état 231


état 180

   53 EXPRESSION_ARITH: TERM .

    $défaut  réduction par utilisation de la règle 53 (EXPRESSION_ARITH)


état 181

  111 BOUCLE_DO: BOUCLE_DO_C bal_slch_fer bal_slch_ouv mc_do . bal_fer

    bal_fer  décalage et aller à l'état 232


état 182

   19 SWITCH_INT: par_ouv cst_int_pos . par_fer

    par_fer  décalage et aller à l'état 233


état 183

   20 SWITCH_INT: par_ouv cst_int_neg . par_fer

    par_fer  décalage et aller à l'état 234


état 184

  128 INSTRUCTION_BOUCLE_FOR: bal_ouv mc_output . deuxpt OUTPUT $@7 INSTRUCTION_BOUCLE_FOR

    deuxpt  décalage et aller à l'état 235


état 185

  132 INSTRUCTION_BOUCLE_FOR: bal_slch_ouv mc_for . bal_fer

    bal_fer  décalage et aller à l'état 236


état 186

  125 INSTRUCTION_BOUCLE_FOR: AFFECTATION INSTRUCTION_BOUCLE_FOR .

    $défaut  réduction par utilisation de la règle 125 (INSTRUCTION_BOUCLE_FOR)


état 187

  126 INSTRUCTION_BOUCLE_FOR: INPUT INSTRUCTION_BOUCLE_FOR .

    $défaut  réduction par utilisation de la règle 126 (INSTRUCTION_BOUCLE_FOR)


état 188

  129 INSTRUCTION_BOUCLE_FOR: INST_IF INSTRUCTION_BOUCLE_FOR .

    $défaut  réduction par utilisation de la règle 129 (INSTRUCTION_BOUCLE_FOR)


état 189

  130 INSTRUCTION_BOUCLE_FOR: BOUCLE_DO INSTRUCTION_BOUCLE_FOR .

    $défaut  réduction par utilisation de la règle 130 (INSTRUCTION_BOUCLE_FOR)


état 190

  131 INSTRUCTION_BOUCLE_FOR: BOUCLE_FOR INSTRUCTION_BOUCLE_FOR .

    $défaut  réduction par utilisation de la règle 131 (INSTRUCTION_BOUCLE_FOR)


état 191

   23 DECLARATION_SIMPLE: idf mc_as TYPE bal_slch_fer . pvg

    pvg  décalage et aller à l'état 237


état 192

    6 DECLARATION: bal_ouv mc_array mc_as TYPE bal_fer . DECLARATION_TAB DECLARATION

    bal_ouv       décalage et aller à l'état 238
    bal_slch_ouv  décalage et aller à l'état 239

    DECLARATION_TAB  aller à l'état 240


état 193

    3 S: bal_ouv mc_exl mc_docprogram idf bal_fer bal_ouv mc_sub mc_variable bal_fer DECLARATION bal_ouv mc_body bal_fer BODY . bal_slch_ouv mc_docprogram bal_fer

    bal_slch_ouv  décalage et aller à l'état 241


état 194

    1 S: bal_ouv mc_exl mc_docprogram idf bal_fer bal_ouv mc_sub mc_variable bal_fer DECLARATION DECLARATION_CONST bal_ouv mc_body bal_fer . BODY bal_slch_ouv mc_docprogram bal_fer

    bal_ouv       décalage et aller à l'état 25
    bal_slch_ouv  décalage et aller à l'état 26

    BODY          aller à l'état 242
    AFFECTATION   aller à l'état 28
    INPUT         aller à l'état 29
    IF_A          aller à l'état 30
    IF_B          aller à l'état 31
    IF_C          aller à l'état 32
    INST_IF       aller à l'état 33
    BOUCLE_DO_A   aller à l'état 34
    BOUCLE_DO_B   aller à l'état 35
    BOUCLE_DO_C   aller à l'état 36
    BOUCLE_DO     aller à l'état 37
    BOUCLE_FOR_A  aller à l'état 38
    BOUCLE_FOR_B  aller à l'état 39
    BOUCLE_FOR    aller à l'état 40


état 195

   15 SWITCH_CST_TYPES: cst_float .

    $défaut  réduction par utilisation de la règle 15 (SWITCH_CST_TYPES)


état 196

   16 SWITCH_CST_TYPES: cst_bool .

    $défaut  réduction par utilisation de la règle 16 (SWITCH_CST_TYPES)


état 197

   17 SWITCH_CST_TYPES: cst_char .

    $défaut  réduction par utilisation de la règle 17 (SWITCH_CST_TYPES)


état 198

   18 SWITCH_CST_TYPES: simple_string .

    $défaut  réduction par utilisation de la règle 18 (SWITCH_CST_TYPES)


état 199

   13 DEC_CONST_EGAL: idf egal SWITCH_CST_TYPES . bal_slch_fer pvg

    bal_slch_fer  décalage et aller à l'état 243


état 200

   14 SWITCH_CST_TYPES: SWITCH_INT .

    $défaut  réduction par utilisation de la règle 14 (SWITCH_CST_TYPES)


état 201

   12 LISTE_DEC_CONST: bal_slch_ouv mc_sub mc_constante bal_fer .

    $défaut  réduction par utilisation de la règle 12 (LISTE_DEC_CONST)


état 202

    2 S: bal_ouv mc_exl mc_docprogram idf bal_fer DECLARATION_CONST bal_ouv mc_sub mc_variable bal_fer DECLARATION bal_ouv mc_body bal_fer . BODY bal_slch_ouv mc_docprogram bal_fer

    bal_ouv       décalage et aller à l'état 25
    bal_slch_ouv  décalage et aller à l'état 26

    BODY          aller à l'état 244
    AFFECTATION   aller à l'état 28
    INPUT         aller à l'état 29
    IF_A          aller à l'état 30
    IF_B          aller à l'état 31
    IF_C          aller à l'état 32
    INST_IF       aller à l'état 33
    BOUCLE_DO_A   aller à l'état 34
    BOUCLE_DO_B   aller à l'état 35
    BOUCLE_DO_C   aller à l'état 36
    BOUCLE_DO     aller à l'état 37
    BOUCLE_FOR_A  aller à l'état 38
    BOUCLE_FOR_B  aller à l'état 39
    BOUCLE_FOR    aller à l'état 40


état 203

   41 AFFECTATION: bal_ouv mc_aff deuxpt idf cr_ouv . cst_unsigned_int cr_fer vrg X bal_slch_fer

    cst_unsigned_int  décalage et aller à l'état 245


état 204

   40 AFFECTATION: bal_ouv mc_aff deuxpt idf vrg . X bal_slch_fer

    idf               décalage et aller à l'état 175
    par_ouv           décalage et aller à l'état 176
    cst_unsigned_int  décalage et aller à l'état 177
    cst_float         décalage et aller à l'état 178
    cst_bool          décalage et aller à l'état 246
    cst_char          décalage et aller à l'état 247
    and               décalage et aller à l'état 72
    or                décalage et aller à l'état 73
    not               décalage et aller à l'état 74
    sup               décalage et aller à l'état 75
    inf               décalage et aller à l'état 76
    supeg             décalage et aller à l'état 77
    infeg             décalage et aller à l'état 78
    ega               décalage et aller à l'état 79
    dif               décalage et aller à l'état 80
    simple_string     décalage et aller à l'état 248

    X                       aller à l'état 249
    EXPRESSION_ARITH        aller à l'état 250
    TERM                    aller à l'état 180
    EXPRESSION_LOGIQUE      aller à l'état 251
    OpLog                   aller à l'état 82
    EXPRESSION_COMPARAISON  aller à l'état 252
    MC_COMPARAISON          aller à l'état 84


état 205

   77 INPUT: bal_ouv mc_input deuxpt idf chaine_gauche . SIGNE_FORMATAGE chaine_droite

    dollar  décalage et aller à l'état 206
    mod     décalage et aller à l'état 207
    hash    décalage et aller à l'état 208
    arob    décalage et aller à l'état 209
    etcom   décalage et aller à l'état 210

    SIGNE_FORMATAGE  aller à l'état 253


état 206

   84 SIGNE_FORMATAGE: dollar .

    $défaut  réduction par utilisation de la règle 84 (SIGNE_FORMATAGE)


état 207

   85 SIGNE_FORMATAGE: mod .

    $défaut  réduction par utilisation de la règle 85 (SIGNE_FORMATAGE)


état 208

   86 SIGNE_FORMATAGE: hash .

    $défaut  réduction par utilisation de la règle 86 (SIGNE_FORMATAGE)


état 209

   87 SIGNE_FORMATAGE: arob .

    $défaut  réduction par utilisation de la règle 87 (SIGNE_FORMATAGE)


état 210

   88 SIGNE_FORMATAGE: etcom .

    $défaut  réduction par utilisation de la règle 88 (SIGNE_FORMATAGE)


état 211

   78 OUTPUT: chaine_gauche SIGNE_FORMATAGE . chaine_outdr ID plus OUTPUT
   80       | chaine_gauche SIGNE_FORMATAGE . chaine_outdr ID bal_slch_fer

    chaine_outdr  décalage et aller à l'état 254


état 212

   81 OUTPUT: simple_string bal_slch_fer .

    $défaut  réduction par utilisation de la règle 81 (OUTPUT)


état 213

   79 OUTPUT: simple_string plus . OUTPUT

    chaine_gauche  décalage et aller à l'état 157
    simple_string  décalage et aller à l'état 158

    OUTPUT  aller à l'état 255


état 214

   35 BODY: bal_ouv mc_output deuxpt OUTPUT $@3 . BODY

    bal_ouv       décalage et aller à l'état 25
    bal_slch_ouv  décalage et aller à l'état 26

    BODY          aller à l'état 256
    AFFECTATION   aller à l'état 28
    INPUT         aller à l'état 29
    IF_A          aller à l'état 30
    IF_B          aller à l'état 31
    IF_C          aller à l'état 32
    INST_IF       aller à l'état 33
    BOUCLE_DO_A   aller à l'état 34
    BOUCLE_DO_B   aller à l'état 35
    BOUCLE_DO_C   aller à l'état 36
    BOUCLE_DO     aller à l'état 37
    BOUCLE_FOR_A  aller à l'état 38
    BOUCLE_FOR_B  aller à l'état 39
    BOUCLE_FOR    aller à l'état 40


état 215

  120 BOUCLE_FOR_A: bal_ouv mc_for idf egal SWITCH_INT .

    $défaut  réduction par utilisation de la règle 120 (BOUCLE_FOR_A)


état 216

   95 IF_B: IF_A bal_fer bal_ouv mc_then bal_fer . INSTRUCTION

    bal_ouv  décalage et aller à l'état 257

    $défaut  réduction par utilisation de la règle 93 (INSTRUCTION)

    AFFECTATION  aller à l'état 258
    INPUT        aller à l'état 259
    INSTRUCTION  aller à l'état 260


état 217

  101 INST_ELSE: bal_ouv . mc_else bal_fer INSTRUCTION_ELSE

    mc_else  décalage et aller à l'état 261


état 218

   96 IF_C: IF_B bal_slch_ouv mc_then bal_fer INST_ELSE .

    $défaut  réduction par utilisation de la règle 96 (IF_C)


état 219

  115 INSTRUCTION_BOUCLE_DO: bal_ouv mc_output deuxpt OUTPUT . $@6 INSTRUCTION_BOUCLE_DO

    $défaut  réduction par utilisation de la règle 114 ($@6)

    $@6  aller à l'état 262


état 220

   69 TYPE_EXP: idf cr_ouv . cst_unsigned_int cr_fer

    cst_unsigned_int  décalage et aller à l'état 263


état 221

   60 EXPRESSION_LOGIQUE: not par_ouv TYPE_EXP par_fer .

    $défaut  réduction par utilisation de la règle 60 (EXPRESSION_LOGIQUE)


état 222

   59 EXPRESSION_LOGIQUE: OpLog par_ouv EXPRESSIONS par_fer .

    $défaut  réduction par utilisation de la règle 59 (EXPRESSION_LOGIQUE)


état 223

   63 EXPRESSIONS: TYPE_EXP vrg . EXPRESSIONS
   64            | TYPE_EXP vrg . TYPE_EXP

    idf       décalage et aller à l'état 168
    cst_bool  décalage et aller à l'état 169
    and       décalage et aller à l'état 72
    or        décalage et aller à l'état 73
    not       décalage et aller à l'état 74
    sup       décalage et aller à l'état 75
    inf       décalage et aller à l'état 76
    supeg     décalage et aller à l'état 77
    infeg     décalage et aller à l'état 78
    ega       décalage et aller à l'état 79
    dif       décalage et aller à l'état 80

    EXPRESSION_LOGIQUE      aller à l'état 170
    OpLog                   aller à l'état 82
    EXPRESSIONS             aller à l'état 264
    TYPE_EXP                aller à l'état 265
    EXPRESSION_COMPARAISON  aller à l'état 172
    MC_COMPARAISON          aller à l'état 84


état 224

   58 TERM: idf cr_ouv . cst_unsigned_int cr_fer

    cst_unsigned_int  décalage et aller à l'état 266


état 225

   54 TERM: par_ouv cst_int_neg . par_fer

    par_fer  décalage et aller à l'état 267


état 226

   48 EXPRESSION_ARITH: par_ouv EXPRESSION_ARITH . par_fer
   49                 | EXPRESSION_ARITH . plus EXPRESSION_ARITH
   50                 | EXPRESSION_ARITH . moins EXPRESSION_ARITH
   51                 | EXPRESSION_ARITH . divis EXPRESSION_ARITH
   52                 | EXPRESSION_ARITH . mult EXPRESSION_ARITH

    par_fer  décalage et aller à l'état 268
    plus     décalage et aller à l'état 227
    moins    décalage et aller à l'état 228
    mult     décalage et aller à l'état 229
    divis    décalage et aller à l'état 230


état 227

   49 EXPRESSION_ARITH: EXPRESSION_ARITH plus . EXPRESSION_ARITH

    idf               décalage et aller à l'état 175
    par_ouv           décalage et aller à l'état 176
    cst_unsigned_int  décalage et aller à l'état 177
    cst_float         décalage et aller à l'état 178

    EXPRESSION_ARITH  aller à l'état 269
    TERM              aller à l'état 180


état 228

   50 EXPRESSION_ARITH: EXPRESSION_ARITH moins . EXPRESSION_ARITH

    idf               décalage et aller à l'état 175
    par_ouv           décalage et aller à l'état 176
    cst_unsigned_int  décalage et aller à l'état 177
    cst_float         décalage et aller à l'état 178

    EXPRESSION_ARITH  aller à l'état 270
    TERM              aller à l'état 180


état 229

   52 EXPRESSION_ARITH: EXPRESSION_ARITH mult . EXPRESSION_ARITH

    idf               décalage et aller à l'état 175
    par_ouv           décalage et aller à l'état 176
    cst_unsigned_int  décalage et aller à l'état 177
    cst_float         décalage et aller à l'état 178

    EXPRESSION_ARITH  aller à l'état 271
    TERM              aller à l'état 180


état 230

   51 EXPRESSION_ARITH: EXPRESSION_ARITH divis . EXPRESSION_ARITH

    idf               décalage et aller à l'état 175
    par_ouv           décalage et aller à l'état 176
    cst_unsigned_int  décalage et aller à l'état 177
    cst_float         décalage et aller à l'état 178

    EXPRESSION_ARITH  aller à l'état 272
    TERM              aller à l'état 180


état 231

   70 EXPRESSION_COMPARAISON: MC_COMPARAISON par_ouv EXPRESSION_ARITH vrg . EXPRESSION_ARITH par_fer

    idf               décalage et aller à l'état 175
    par_ouv           décalage et aller à l'état 176
    cst_unsigned_int  décalage et aller à l'état 177
    cst_float         décalage et aller à l'état 178

    EXPRESSION_ARITH  aller à l'état 273
    TERM              aller à l'état 180


état 232

  111 BOUCLE_DO: BOUCLE_DO_C bal_slch_fer bal_slch_ouv mc_do bal_fer .

    $défaut  réduction par utilisation de la règle 111 (BOUCLE_DO)


état 233

   19 SWITCH_INT: par_ouv cst_int_pos par_fer .

    $défaut  réduction par utilisation de la règle 19 (SWITCH_INT)


état 234

   20 SWITCH_INT: par_ouv cst_int_neg par_fer .

    $défaut  réduction par utilisation de la règle 20 (SWITCH_INT)


état 235

  128 INSTRUCTION_BOUCLE_FOR: bal_ouv mc_output deuxpt . OUTPUT $@7 INSTRUCTION_BOUCLE_FOR

    chaine_gauche  décalage et aller à l'état 157
    simple_string  décalage et aller à l'état 158

    OUTPUT  aller à l'état 274


état 236

  132 INSTRUCTION_BOUCLE_FOR: bal_slch_ouv mc_for bal_fer .

    $défaut  réduction par utilisation de la règle 132 (INSTRUCTION_BOUCLE_FOR)


état 237

   23 DECLARATION_SIMPLE: idf mc_as TYPE bal_slch_fer pvg .

    $défaut  réduction par utilisation de la règle 23 (DECLARATION_SIMPLE)


état 238

   30 DECLARATION_TAB: bal_ouv . idf deuxpt cst_unsigned_int bal_slch_fer $@2 DECLARATION_TAB

    idf  décalage et aller à l'état 275


état 239

   31 DECLARATION_TAB: bal_slch_ouv . mc_array bal_fer

    mc_array  décalage et aller à l'état 276


état 240

    6 DECLARATION: bal_ouv mc_array mc_as TYPE bal_fer DECLARATION_TAB . DECLARATION

    bal_ouv       décalage et aller à l'état 20
    bal_slch_ouv  décalage et aller à l'état 21

    DECLARATION  aller à l'état 277


état 241

    3 S: bal_ouv mc_exl mc_docprogram idf bal_fer bal_ouv mc_sub mc_variable bal_fer DECLARATION bal_ouv mc_body bal_fer BODY bal_slch_ouv . mc_docprogram bal_fer

    mc_docprogram  décalage et aller à l'état 278


état 242

    1 S: bal_ouv mc_exl mc_docprogram idf bal_fer bal_ouv mc_sub mc_variable bal_fer DECLARATION DECLARATION_CONST bal_ouv mc_body bal_fer BODY . bal_slch_ouv mc_docprogram bal_fer

    bal_slch_ouv  décalage et aller à l'état 279


état 243

   13 DEC_CONST_EGAL: idf egal SWITCH_CST_TYPES bal_slch_fer . pvg

    pvg  décalage et aller à l'état 280


état 244

    2 S: bal_ouv mc_exl mc_docprogram idf bal_fer DECLARATION_CONST bal_ouv mc_sub mc_variable bal_fer DECLARATION bal_ouv mc_body bal_fer BODY . bal_slch_ouv mc_docprogram bal_fer

    bal_slch_ouv  décalage et aller à l'état 281


état 245

   41 AFFECTATION: bal_ouv mc_aff deuxpt idf cr_ouv cst_unsigned_int . cr_fer vrg X bal_slch_fer

    cr_fer  décalage et aller à l'état 282


état 246

   47 X: cst_bool .

    $défaut  réduction par utilisation de la règle 47 (X)


état 247

   46 X: cst_char .

    $défaut  réduction par utilisation de la règle 46 (X)


état 248

   45 X: simple_string .

    $défaut  réduction par utilisation de la règle 45 (X)


état 249

   40 AFFECTATION: bal_ouv mc_aff deuxpt idf vrg X . bal_slch_fer

    bal_slch_fer  décalage et aller à l'état 283


état 250

   42 X: EXPRESSION_ARITH .
   49 EXPRESSION_ARITH: EXPRESSION_ARITH . plus EXPRESSION_ARITH
   50                 | EXPRESSION_ARITH . moins EXPRESSION_ARITH
   51                 | EXPRESSION_ARITH . divis EXPRESSION_ARITH
   52                 | EXPRESSION_ARITH . mult EXPRESSION_ARITH

    plus   décalage et aller à l'état 227
    moins  décalage et aller à l'état 228
    mult   décalage et aller à l'état 229
    divis  décalage et aller à l'état 230

    $défaut  réduction par utilisation de la règle 42 (X)


état 251

   44 X: EXPRESSION_LOGIQUE .

    $défaut  réduction par utilisation de la règle 44 (X)


état 252

   43 X: EXPRESSION_COMPARAISON .

    $défaut  réduction par utilisation de la règle 43 (X)


état 253

   77 INPUT: bal_ouv mc_input deuxpt idf chaine_gauche SIGNE_FORMATAGE . chaine_droite

    chaine_droite  décalage et aller à l'état 284


état 254

   78 OUTPUT: chaine_gauche SIGNE_FORMATAGE chaine_outdr . ID plus OUTPUT
   80       | chaine_gauche SIGNE_FORMATAGE chaine_outdr . ID bal_slch_fer

    idf  décalage et aller à l'état 285

    ID  aller à l'état 286


état 255

   79 OUTPUT: simple_string plus OUTPUT .

    $défaut  réduction par utilisation de la règle 79 (OUTPUT)


état 256

   35 BODY: bal_ouv mc_output deuxpt OUTPUT $@3 BODY .

    $défaut  réduction par utilisation de la règle 35 (BODY)


état 257

   40 AFFECTATION: bal_ouv . mc_aff deuxpt idf vrg X bal_slch_fer
   41            | bal_ouv . mc_aff deuxpt idf cr_ouv cst_unsigned_int cr_fer vrg X bal_slch_fer
   77 INPUT: bal_ouv . mc_input deuxpt idf chaine_gauche SIGNE_FORMATAGE chaine_droite
   92 INSTRUCTION: bal_ouv . mc_output deuxpt OUTPUT $@4 INSTRUCTION

    mc_aff     décalage et aller à l'état 51
    mc_input   décalage et aller à l'état 52
    mc_output  décalage et aller à l'état 287


état 258

   89 INSTRUCTION: AFFECTATION . INSTRUCTION

    bal_ouv  décalage et aller à l'état 257

    $défaut  réduction par utilisation de la règle 93 (INSTRUCTION)

    AFFECTATION  aller à l'état 258
    INPUT        aller à l'état 259
    INSTRUCTION  aller à l'état 288


état 259

   90 INSTRUCTION: INPUT . INSTRUCTION

    bal_ouv  décalage et aller à l'état 257

    $défaut  réduction par utilisation de la règle 93 (INSTRUCTION)

    AFFECTATION  aller à l'état 258
    INPUT        aller à l'état 259
    INSTRUCTION  aller à l'état 289


état 260

   95 IF_B: IF_A bal_fer bal_ouv mc_then bal_fer INSTRUCTION .

    $défaut  réduction par utilisation de la règle 95 (IF_B)


état 261

  101 INST_ELSE: bal_ouv mc_else . bal_fer INSTRUCTION_ELSE

    bal_fer  décalage et aller à l'état 290


état 262

  115 INSTRUCTION_BOUCLE_DO: bal_ouv mc_output deuxpt OUTPUT $@6 . INSTRUCTION_BOUCLE_DO

    bal_ouv  décalage et aller à l'état 65

    AFFECTATION            aller à l'état 66
    INPUT                  aller à l'état 67
    IF_A                   aller à l'état 30
    IF_B                   aller à l'état 31
    IF_C                   aller à l'état 32
    INST_IF                aller à l'état 68
    BOUCLE_DO_A            aller à l'état 34
    BOUCLE_DO_B            aller à l'état 35
    BOUCLE_DO_C            aller à l'état 36
    BOUCLE_DO              aller à l'état 69
    INSTRUCTION_BOUCLE_DO  aller à l'état 291
    BOUCLE_FOR_A           aller à l'état 38
    BOUCLE_FOR_B           aller à l'état 39
    BOUCLE_FOR             aller à l'état 71


état 263

   69 TYPE_EXP: idf cr_ouv cst_unsigned_int . cr_fer

    cr_fer  décalage et aller à l'état 292


état 264

   63 EXPRESSIONS: TYPE_EXP vrg EXPRESSIONS .

    $défaut  réduction par utilisation de la règle 63 (EXPRESSIONS)


état 265

   63 EXPRESSIONS: TYPE_EXP . vrg EXPRESSIONS
   64            | TYPE_EXP . vrg TYPE_EXP
   64            | TYPE_EXP vrg TYPE_EXP .

    vrg  décalage et aller à l'état 223

    $défaut  réduction par utilisation de la règle 64 (EXPRESSIONS)


état 266

   58 TERM: idf cr_ouv cst_unsigned_int . cr_fer

    cr_fer  décalage et aller à l'état 293


état 267

   54 TERM: par_ouv cst_int_neg par_fer .

    $défaut  réduction par utilisation de la règle 54 (TERM)


état 268

   48 EXPRESSION_ARITH: par_ouv EXPRESSION_ARITH par_fer .

    $défaut  réduction par utilisation de la règle 48 (EXPRESSION_ARITH)


état 269

   49 EXPRESSION_ARITH: EXPRESSION_ARITH . plus EXPRESSION_ARITH
   49                 | EXPRESSION_ARITH plus EXPRESSION_ARITH .
   50                 | EXPRESSION_ARITH . moins EXPRESSION_ARITH
   51                 | EXPRESSION_ARITH . divis EXPRESSION_ARITH
   52                 | EXPRESSION_ARITH . mult EXPRESSION_ARITH

    mult   décalage et aller à l'état 229
    divis  décalage et aller à l'état 230

    $défaut  réduction par utilisation de la règle 49 (EXPRESSION_ARITH)


état 270

   49 EXPRESSION_ARITH: EXPRESSION_ARITH . plus EXPRESSION_ARITH
   50                 | EXPRESSION_ARITH . moins EXPRESSION_ARITH
   50                 | EXPRESSION_ARITH moins EXPRESSION_ARITH .
   51                 | EXPRESSION_ARITH . divis EXPRESSION_ARITH
   52                 | EXPRESSION_ARITH . mult EXPRESSION_ARITH

    mult   décalage et aller à l'état 229
    divis  décalage et aller à l'état 230

    $défaut  réduction par utilisation de la règle 50 (EXPRESSION_ARITH)


état 271

   49 EXPRESSION_ARITH: EXPRESSION_ARITH . plus EXPRESSION_ARITH
   50                 | EXPRESSION_ARITH . moins EXPRESSION_ARITH
   51                 | EXPRESSION_ARITH . divis EXPRESSION_ARITH
   52                 | EXPRESSION_ARITH . mult EXPRESSION_ARITH
   52                 | EXPRESSION_ARITH mult EXPRESSION_ARITH .

    $défaut  réduction par utilisation de la règle 52 (EXPRESSION_ARITH)


état 272

   49 EXPRESSION_ARITH: EXPRESSION_ARITH . plus EXPRESSION_ARITH
   50                 | EXPRESSION_ARITH . moins EXPRESSION_ARITH
   51                 | EXPRESSION_ARITH . divis EXPRESSION_ARITH
   51                 | EXPRESSION_ARITH divis EXPRESSION_ARITH .
   52                 | EXPRESSION_ARITH . mult EXPRESSION_ARITH

    $défaut  réduction par utilisation de la règle 51 (EXPRESSION_ARITH)


état 273

   49 EXPRESSION_ARITH: EXPRESSION_ARITH . plus EXPRESSION_ARITH
   50                 | EXPRESSION_ARITH . moins EXPRESSION_ARITH
   51                 | EXPRESSION_ARITH . divis EXPRESSION_ARITH
   52                 | EXPRESSION_ARITH . mult EXPRESSION_ARITH
   70 EXPRESSION_COMPARAISON: MC_COMPARAISON par_ouv EXPRESSION_ARITH vrg EXPRESSION_ARITH . par_fer

    par_fer  décalage et aller à l'état 294
    plus     décalage et aller à l'état 227
    moins    décalage et aller à l'état 228
    mult     décalage et aller à l'état 229
    divis    décalage et aller à l'état 230


état 274

  128 INSTRUCTION_BOUCLE_FOR: bal_ouv mc_output deuxpt OUTPUT . $@7 INSTRUCTION_BOUCLE_FOR

    $défaut  réduction par utilisation de la règle 127 ($@7)

    $@7  aller à l'état 295


état 275

   30 DECLARATION_TAB: bal_ouv idf . deuxpt cst_unsigned_int bal_slch_fer $@2 DECLARATION_TAB

    deuxpt  décalage et aller à l'état 296


état 276

   31 DECLARATION_TAB: bal_slch_ouv mc_array . bal_fer

    bal_fer  décalage et aller à l'état 297


état 277

    6 DECLARATION: bal_ouv mc_array mc_as TYPE bal_fer DECLARATION_TAB DECLARATION .

    $défaut  réduction par utilisation de la règle 6 (DECLARATION)


état 278

    3 S: bal_ouv mc_exl mc_docprogram idf bal_fer bal_ouv mc_sub mc_variable bal_fer DECLARATION bal_ouv mc_body bal_fer BODY bal_slch_ouv mc_docprogram . bal_fer

    bal_fer  décalage et aller à l'état 298


état 279

    1 S: bal_ouv mc_exl mc_docprogram idf bal_fer bal_ouv mc_sub mc_variable bal_fer DECLARATION DECLARATION_CONST bal_ouv mc_body bal_fer BODY bal_slch_ouv . mc_docprogram bal_fer

    mc_docprogram  décalage et aller à l'état 299


état 280

   13 DEC_CONST_EGAL: idf egal SWITCH_CST_TYPES bal_slch_fer pvg .

    $défaut  réduction par utilisation de la règle 13 (DEC_CONST_EGAL)


état 281

    2 S: bal_ouv mc_exl mc_docprogram idf bal_fer DECLARATION_CONST bal_ouv mc_sub mc_variable bal_fer DECLARATION bal_ouv mc_body bal_fer BODY bal_slch_ouv . mc_docprogram bal_fer

    mc_docprogram  décalage et aller à l'état 300


état 282

   41 AFFECTATION: bal_ouv mc_aff deuxpt idf cr_ouv cst_unsigned_int cr_fer . vrg X bal_slch_fer

    vrg  décalage et aller à l'état 301


état 283

   40 AFFECTATION: bal_ouv mc_aff deuxpt idf vrg X bal_slch_fer .

    $défaut  réduction par utilisation de la règle 40 (AFFECTATION)


état 284

   77 INPUT: bal_ouv mc_input deuxpt idf chaine_gauche SIGNE_FORMATAGE chaine_droite .

    $défaut  réduction par utilisation de la règle 77 (INPUT)


état 285

   82 ID: idf .
   83   | idf . cr_ouv cst_unsigned_int cr_fer

    cr_ouv  décalage et aller à l'état 302

    $défaut  réduction par utilisation de la règle 82 (ID)


état 286

   78 OUTPUT: chaine_gauche SIGNE_FORMATAGE chaine_outdr ID . plus OUTPUT
   80       | chaine_gauche SIGNE_FORMATAGE chaine_outdr ID . bal_slch_fer

    bal_slch_fer  décalage et aller à l'état 303
    plus          décalage et aller à l'état 304


état 287

   92 INSTRUCTION: bal_ouv mc_output . deuxpt OUTPUT $@4 INSTRUCTION

    deuxpt  décalage et aller à l'état 305


état 288

   89 INSTRUCTION: AFFECTATION INSTRUCTION .

    $défaut  réduction par utilisation de la règle 89 (INSTRUCTION)


état 289

   90 INSTRUCTION: INPUT INSTRUCTION .

    $défaut  réduction par utilisation de la règle 90 (INSTRUCTION)


état 290

  101 INST_ELSE: bal_ouv mc_else bal_fer . INSTRUCTION_ELSE

    bal_ouv       décalage et aller à l'état 306
    bal_slch_ouv  décalage et aller à l'état 307

    AFFECTATION       aller à l'état 308
    INPUT             aller à l'état 309
    IF_A              aller à l'état 30
    IF_B              aller à l'état 31
    IF_C              aller à l'état 32
    INST_IF           aller à l'état 310
    INSTRUCTION_ELSE  aller à l'état 311


état 291

  115 INSTRUCTION_BOUCLE_DO: bal_ouv mc_output deuxpt OUTPUT $@6 INSTRUCTION_BOUCLE_DO .

    $défaut  réduction par utilisation de la règle 115 (INSTRUCTION_BOUCLE_DO)


état 292

   69 TYPE_EXP: idf cr_ouv cst_unsigned_int cr_fer .

    $défaut  réduction par utilisation de la règle 69 (TYPE_EXP)


état 293

   58 TERM: idf cr_ouv cst_unsigned_int cr_fer .

    $défaut  réduction par utilisation de la règle 58 (TERM)


état 294

   70 EXPRESSION_COMPARAISON: MC_COMPARAISON par_ouv EXPRESSION_ARITH vrg EXPRESSION_ARITH par_fer .

    $défaut  réduction par utilisation de la règle 70 (EXPRESSION_COMPARAISON)


état 295

  128 INSTRUCTION_BOUCLE_FOR: bal_ouv mc_output deuxpt OUTPUT $@7 . INSTRUCTION_BOUCLE_FOR

    bal_ouv       décalage et aller à l'état 131
    bal_slch_ouv  décalage et aller à l'état 132

    AFFECTATION             aller à l'état 133
    INPUT                   aller à l'état 134
    IF_A                    aller à l'état 30
    IF_B                    aller à l'état 31
    IF_C                    aller à l'état 32
    INST_IF                 aller à l'état 135
    BOUCLE_DO_A             aller à l'état 34
    BOUCLE_DO_B             aller à l'état 35
    BOUCLE_DO_C             aller à l'état 36
    BOUCLE_DO               aller à l'état 136
    BOUCLE_FOR_A            aller à l'état 38
    BOUCLE_FOR_B            aller à l'état 39
    BOUCLE_FOR              aller à l'état 137
    INSTRUCTION_BOUCLE_FOR  aller à l'état 312


état 296

   30 DECLARATION_TAB: bal_ouv idf deuxpt . cst_unsigned_int bal_slch_fer $@2 DECLARATION_TAB

    cst_unsigned_int  décalage et aller à l'état 313


état 297

   31 DECLARATION_TAB: bal_slch_ouv mc_array bal_fer .

    $défaut  réduction par utilisation de la règle 31 (DECLARATION_TAB)


état 298

    3 S: bal_ouv mc_exl mc_docprogram idf bal_fer bal_ouv mc_sub mc_variable bal_fer DECLARATION bal_ouv mc_body bal_fer BODY bal_slch_ouv mc_docprogram bal_fer .

    $défaut  réduction par utilisation de la règle 3 (S)


état 299

    1 S: bal_ouv mc_exl mc_docprogram idf bal_fer bal_ouv mc_sub mc_variable bal_fer DECLARATION DECLARATION_CONST bal_ouv mc_body bal_fer BODY bal_slch_ouv mc_docprogram . bal_fer

    bal_fer  décalage et aller à l'état 314


état 300

    2 S: bal_ouv mc_exl mc_docprogram idf bal_fer DECLARATION_CONST bal_ouv mc_sub mc_variable bal_fer DECLARATION bal_ouv mc_body bal_fer BODY bal_slch_ouv mc_docprogram . bal_fer

    bal_fer  décalage et aller à l'état 315


état 301

   41 AFFECTATION: bal_ouv mc_aff deuxpt idf cr_ouv cst_unsigned_int cr_fer vrg . X bal_slch_fer

    idf               décalage et aller à l'état 175
    par_ouv           décalage et aller à l'état 176
    cst_unsigned_int  décalage et aller à l'état 177
    cst_float         décalage et aller à l'état 178
    cst_bool          décalage et aller à l'état 246
    cst_char          décalage et aller à l'état 247
    and               décalage et aller à l'état 72
    or                décalage et aller à l'état 73
    not               décalage et aller à l'état 74
    sup               décalage et aller à l'état 75
    inf               décalage et aller à l'état 76
    supeg             décalage et aller à l'état 77
    infeg             décalage et aller à l'état 78
    ega               décalage et aller à l'état 79
    dif               décalage et aller à l'état 80
    simple_string     décalage et aller à l'état 248

    X                       aller à l'état 316
    EXPRESSION_ARITH        aller à l'état 250
    TERM                    aller à l'état 180
    EXPRESSION_LOGIQUE      aller à l'état 251
    OpLog                   aller à l'état 82
    EXPRESSION_COMPARAISON  aller à l'état 252
    MC_COMPARAISON          aller à l'état 84


état 302

   83 ID: idf cr_ouv . cst_unsigned_int cr_fer

    cst_unsigned_int  décalage et aller à l'état 317


état 303

   80 OUTPUT: chaine_gauche SIGNE_FORMATAGE chaine_outdr ID bal_slch_fer .

    $défaut  réduction par utilisation de la règle 80 (OUTPUT)


état 304

   78 OUTPUT: chaine_gauche SIGNE_FORMATAGE chaine_outdr ID plus . OUTPUT

    chaine_gauche  décalage et aller à l'état 157
    simple_string  décalage et aller à l'état 158

    OUTPUT  aller à l'état 318


état 305

   92 INSTRUCTION: bal_ouv mc_output deuxpt . OUTPUT $@4 INSTRUCTION

    chaine_gauche  décalage et aller à l'état 157
    simple_string  décalage et aller à l'état 158

    OUTPUT  aller à l'état 319


état 306

   40 AFFECTATION: bal_ouv . mc_aff deuxpt idf vrg X bal_slch_fer
   41            | bal_ouv . mc_aff deuxpt idf cr_ouv cst_unsigned_int cr_fer vrg X bal_slch_fer
   77 INPUT: bal_ouv . mc_input deuxpt idf chaine_gauche SIGNE_FORMATAGE chaine_droite
   94 IF_A: bal_ouv . mc_if deuxpt CONDITION
  105 INSTRUCTION_ELSE: bal_ouv . mc_output deuxpt OUTPUT $@5 INSTRUCTION_ELSE

    mc_aff     décalage et aller à l'état 51
    mc_input   décalage et aller à l'état 52
    mc_output  décalage et aller à l'état 320
    mc_if      décalage et aller à l'état 54


état 307

  107 INSTRUCTION_ELSE: bal_slch_ouv . mc_else bal_fer

    mc_else  décalage et aller à l'état 321


état 308

  102 INSTRUCTION_ELSE: AFFECTATION . INSTRUCTION_ELSE

    bal_ouv       décalage et aller à l'état 306
    bal_slch_ouv  décalage et aller à l'état 307

    AFFECTATION       aller à l'état 308
    INPUT             aller à l'état 309
    IF_A              aller à l'état 30
    IF_B              aller à l'état 31
    IF_C              aller à l'état 32
    INST_IF           aller à l'état 310
    INSTRUCTION_ELSE  aller à l'état 322


état 309

  103 INSTRUCTION_ELSE: INPUT . INSTRUCTION_ELSE

    bal_ouv       décalage et aller à l'état 306
    bal_slch_ouv  décalage et aller à l'état 307

    AFFECTATION       aller à l'état 308
    INPUT             aller à l'état 309
    IF_A              aller à l'état 30
    IF_B              aller à l'état 31
    IF_C              aller à l'état 32
    INST_IF           aller à l'état 310
    INSTRUCTION_ELSE  aller à l'état 323


état 310

  106 INSTRUCTION_ELSE: INST_IF . INSTRUCTION_ELSE

    bal_ouv       décalage et aller à l'état 306
    bal_slch_ouv  décalage et aller à l'état 307

    AFFECTATION       aller à l'état 308
    INPUT             aller à l'état 309
    IF_A              aller à l'état 30
    IF_B              aller à l'état 31
    IF_C              aller à l'état 32
    INST_IF           aller à l'état 310
    INSTRUCTION_ELSE  aller à l'état 324


état 311

  101 INST_ELSE: bal_ouv mc_else bal_fer INSTRUCTION_ELSE .

    $défaut  réduction par utilisation de la règle 101 (INST_ELSE)


état 312

  128 INSTRUCTION_BOUCLE_FOR: bal_ouv mc_output deuxpt OUTPUT $@7 INSTRUCTION_BOUCLE_FOR .

    $défaut  réduction par utilisation de la règle 128 (INSTRUCTION_BOUCLE_FOR)


état 313

   30 DECLARATION_TAB: bal_ouv idf deuxpt cst_unsigned_int . bal_slch_fer $@2 DECLARATION_TAB

    bal_slch_fer  décalage et aller à l'état 325


état 314

    1 S: bal_ouv mc_exl mc_docprogram idf bal_fer bal_ouv mc_sub mc_variable bal_fer DECLARATION DECLARATION_CONST bal_ouv mc_body bal_fer BODY bal_slch_ouv mc_docprogram bal_fer .

    $défaut  réduction par utilisation de la règle 1 (S)


état 315

    2 S: bal_ouv mc_exl mc_docprogram idf bal_fer DECLARATION_CONST bal_ouv mc_sub mc_variable bal_fer DECLARATION bal_ouv mc_body bal_fer BODY bal_slch_ouv mc_docprogram bal_fer .

    $défaut  réduction par utilisation de la règle 2 (S)


état 316

   41 AFFECTATION: bal_ouv mc_aff deuxpt idf cr_ouv cst_unsigned_int cr_fer vrg X . bal_slch_fer

    bal_slch_fer  décalage et aller à l'état 326


état 317

   83 ID: idf cr_ouv cst_unsigned_int . cr_fer

    cr_fer  décalage et aller à l'état 327


état 318

   78 OUTPUT: chaine_gauche SIGNE_FORMATAGE chaine_outdr ID plus OUTPUT .

    $défaut  réduction par utilisation de la règle 78 (OUTPUT)


état 319

   92 INSTRUCTION: bal_ouv mc_output deuxpt OUTPUT . $@4 INSTRUCTION

    $défaut  réduction par utilisation de la règle 91 ($@4)

    $@4  aller à l'état 328


état 320

  105 INSTRUCTION_ELSE: bal_ouv mc_output . deuxpt OUTPUT $@5 INSTRUCTION_ELSE

    deuxpt  décalage et aller à l'état 329


état 321

  107 INSTRUCTION_ELSE: bal_slch_ouv mc_else . bal_fer

    bal_fer  décalage et aller à l'état 330


état 322

  102 INSTRUCTION_ELSE: AFFECTATION INSTRUCTION_ELSE .

    $défaut  réduction par utilisation de la règle 102 (INSTRUCTION_ELSE)


état 323

  103 INSTRUCTION_ELSE: INPUT INSTRUCTION_ELSE .

    $défaut  réduction par utilisation de la règle 103 (INSTRUCTION_ELSE)


état 324

  106 INSTRUCTION_ELSE: INST_IF INSTRUCTION_ELSE .

    $défaut  réduction par utilisation de la règle 106 (INSTRUCTION_ELSE)


état 325

   30 DECLARATION_TAB: bal_ouv idf deuxpt cst_unsigned_int bal_slch_fer . $@2 DECLARATION_TAB

    $défaut  réduction par utilisation de la règle 29 ($@2)

    $@2  aller à l'état 331


état 326

   41 AFFECTATION: bal_ouv mc_aff deuxpt idf cr_ouv cst_unsigned_int cr_fer vrg X bal_slch_fer .

    $défaut  réduction par utilisation de la règle 41 (AFFECTATION)


état 327

   83 ID: idf cr_ouv cst_unsigned_int cr_fer .

    $défaut  réduction par utilisation de la règle 83 (ID)


état 328

   92 INSTRUCTION: bal_ouv mc_output deuxpt OUTPUT $@4 . INSTRUCTION

    bal_ouv  décalage et aller à l'état 257

    $défaut  réduction par utilisation de la règle 93 (INSTRUCTION)

    AFFECTATION  aller à l'état 258
    INPUT        aller à l'état 259
    INSTRUCTION  aller à l'état 332


état 329

  105 INSTRUCTION_ELSE: bal_ouv mc_output deuxpt . OUTPUT $@5 INSTRUCTION_ELSE

    chaine_gauche  décalage et aller à l'état 157
    simple_string  décalage et aller à l'état 158

    OUTPUT  aller à l'état 333


état 330

  107 INSTRUCTION_ELSE: bal_slch_ouv mc_else bal_fer .

    $défaut  réduction par utilisation de la règle 107 (INSTRUCTION_ELSE)


état 331

   30 DECLARATION_TAB: bal_ouv idf deuxpt cst_unsigned_int bal_slch_fer $@2 . DECLARATION_TAB

    bal_ouv       décalage et aller à l'état 238
    bal_slch_ouv  décalage et aller à l'état 239

    DECLARATION_TAB  aller à l'état 334


état 332

   92 INSTRUCTION: bal_ouv mc_output deuxpt OUTPUT $@4 INSTRUCTION .

    $défaut  réduction par utilisation de la règle 92 (INSTRUCTION)


état 333

  105 INSTRUCTION_ELSE: bal_ouv mc_output deuxpt OUTPUT . $@5 INSTRUCTION_ELSE

    $défaut  réduction par utilisation de la règle 104 ($@5)

    $@5  aller à l'état 335


état 334

   30 DECLARATION_TAB: bal_ouv idf deuxpt cst_unsigned_int bal_slch_fer $@2 DECLARATION_TAB .

    $défaut  réduction par utilisation de la règle 30 (DECLARATION_TAB)


état 335

  105 INSTRUCTION_ELSE: bal_ouv mc_output deuxpt OUTPUT $@5 . INSTRUCTION_ELSE

    bal_ouv       décalage et aller à l'état 306
    bal_slch_ouv  décalage et aller à l'état 307

    AFFECTATION       aller à l'état 308
    INPUT             aller à l'état 309
    IF_A              aller à l'état 30
    IF_B              aller à l'état 31
    IF_C              aller à l'état 32
    INST_IF           aller à l'état 310
    INSTRUCTION_ELSE  aller à l'état 336


état 336

  105 INSTRUCTION_ELSE: bal_ouv mc_output deuxpt OUTPUT $@5 INSTRUCTION_ELSE .

    $défaut  réduction par utilisation de la règle 105 (INSTRUCTION_ELSE)
